<?xml version="1.0" encoding="UTF-8"?>
<testsuite name="Realizar la compra en línea de productos de tecnología" tests="8" skipped="0" failures="0" errors="0" timestamp="2022-01-24T15:14:03" hostname="22LAP5CD1195R94" time="131.724">
  <properties/>
  <testcase name="La canasta de compras deberia mostrar los detalles del producto a comprar" classname="Realizar la compra en línea de productos de tecnología" time="12.543"/>
  <testcase name="La canasta de compras deberia mostrar la opcion Shipping Details" classname="Realizar la compra en línea de productos de tecnología" time="16.268"/>
  <testcase name="El usario deberia poder editar la Informacion de Shopping Details" classname="Realizar la compra en línea de productos de tecnología" time="16.24"/>
  <testcase name="el usuario deberia poder visulizar dos opciones de pago" classname="Realizar la compra en línea de productos de tecnología" time="15.691"/>
  <testcase name="el usuari deberia poder ver la opcion de editar tarjeta" classname="Realizar la compra en línea de productos de tecnología" time="17.712"/>
  <testcase name="el usuario deberia poder ver los datos de la tarjeta anterior" classname="Realizar la compra en línea de productos de tecnología" time="18.928"/>
  <testcase name="el usuario deberia poder ver la opcion Pay Now" classname="Realizar la compra en línea de productos de tecnología" time="16.218"/>
  <testcase name="el usuario deberia poder ver la orden de pago" classname="Realizar la compra en línea de productos de tecnología" time="18.066"/>
  <system-out><![CDATA[10:14:03.866 [Test worker] INFO net.serenitybdd.core.webdriver.driverproviders.ProvideNewDriver - Instantiating driver
10:14:03.866 [Test worker] INFO net.serenitybdd.core.webdriver.driverproviders.ProvideNewDriver - Driver capabilities: Capabilities {acceptInsecureCerts: false, acceptSslCerts: true, browserName: chrome, goog:chromeOptions: {args: [], extensions: []}, incognito: true, loggingPrefs: org.openqa.selenium.logging..., platform: ANY, version: }
10:14:09.853 [Test worker] DEBUG net.serenitybdd.core.photography.Darkroom - Opening darkroom
10:14:09.855 [Darkroom Processing Line] DEBUG net.serenitybdd.core.photography.DarkroomProcessingLine - Darkroom processing line starting up
10:14:10.369 [Test worker] DEBUG net.serenitybdd.core.photography.Darkroom - Send negative for processing for C:\Repo\Reto_Final_AdvantageOnlineShopping_Automatizacion\target\site\serenity\3d9e5159b1612d037becd0e1de281b82d39730c1ef4f8fb2e8f3fec8810219cd.png
10:14:10.370 [Darkroom Processing Line] DEBUG net.serenitybdd.core.photography.DarkroomProcessingLine - Processing screenshot image in /var/screenshots/screenshot-1364040907506563628
10:14:10.370 [Darkroom Processing Line] DEBUG net.serenitybdd.core.photography.DarkroomProcessingLine - Saving screenshot to C:\Repo\Reto_Final_AdvantageOnlineShopping_Automatizacion\target\site\serenity\3d9e5159b1612d037becd0e1de281b82d39730c1ef4f8fb2e8f3fec8810219cd.png
10:14:12.744 [Test worker] DEBUG net.serenitybdd.core.photography.Darkroom - Send negative for processing for C:\Repo\Reto_Final_AdvantageOnlineShopping_Automatizacion\target\site\serenity\4ea4c259ed81597b88b00b4aba4e3118aabecb71417cd6d886446d98fd914c5b.png
10:14:12.745 [Darkroom Processing Line] DEBUG net.serenitybdd.core.photography.DarkroomProcessingLine - Processing screenshot image in /var/screenshots/screenshot-5397236496010756624
10:14:12.745 [Darkroom Processing Line] DEBUG net.serenitybdd.core.photography.DarkroomProcessingLine - Saving screenshot to C:\Repo\Reto_Final_AdvantageOnlineShopping_Automatizacion\target\site\serenity\4ea4c259ed81597b88b00b4aba4e3118aabecb71417cd6d886446d98fd914c5b.png
10:14:14.591 [Test worker] DEBUG net.serenitybdd.core.photography.Darkroom - Send negative for processing for C:\Repo\Reto_Final_AdvantageOnlineShopping_Automatizacion\target\site\serenity\f36c8a615932fe0e83718edc8f898657ffa4794dddbea3aad20e988a9d360e43.png
10:14:14.591 [Darkroom Processing Line] DEBUG net.serenitybdd.core.photography.DarkroomProcessingLine - Processing screenshot image in /var/screenshots/screenshot-2388229355612564688
10:14:14.592 [Darkroom Processing Line] DEBUG net.serenitybdd.core.photography.DarkroomProcessingLine - Saving screenshot to C:\Repo\Reto_Final_AdvantageOnlineShopping_Automatizacion\target\site\serenity\f36c8a615932fe0e83718edc8f898657ffa4794dddbea3aad20e988a9d360e43.png
10:14:15.841 [Test worker] INFO net.thucydides.core.steps.ConsoleLoggingListener - ?[92m
        __    _____ _____ ____ _____   ____   _    ____  ____  _____ ____  
  _     \ \  |_   _| ____/ ___|_   _| |  _ \ / \  / ___|/ ___|| ____|  _ \ 
 (_)_____| |   | | |  _| \___ \ | |   | |_) / _ \ \___ \\___ \|  _| | | | |
  _|_____| |   | | | |___ ___) || |   |  __/ ___ \ ___) |___) | |___| |_| |
 (_)     | |   |_| |_____|____/ |_|   |_| /_/   \_\____/|____/|_____|____/ 
        /_/                                                                

TEST PASSED: La canasta de compras deberia mostrar los detalles del producto a comprar
----------------------------------------------------------------------------?[0m
10:14:16.074 [Test worker] INFO net.serenitybdd.core.webdriver.driverproviders.ProvideNewDriver - Instantiating driver
10:14:16.074 [Test worker] INFO net.serenitybdd.core.webdriver.driverproviders.ProvideNewDriver - Driver capabilities: Capabilities {acceptInsecureCerts: false, acceptSslCerts: true, browserName: chrome, goog:chromeOptions: {args: [], extensions: []}, incognito: true, loggingPrefs: org.openqa.selenium.logging..., platform: ANY, version: }
10:14:21.851 [Test worker] DEBUG net.serenitybdd.core.photography.Darkroom - Send negative for processing for C:\Repo\Reto_Final_AdvantageOnlineShopping_Automatizacion\target\site\serenity\282ce5275660b13c3e969db9b269b449185f84bf02d94b3c9a1b59322a13fc46.png
10:14:21.853 [Darkroom Processing Line] DEBUG net.serenitybdd.core.photography.DarkroomProcessingLine - Processing screenshot image in /var/screenshots/screenshot-7932776127745792695
10:14:21.853 [Darkroom Processing Line] DEBUG net.serenitybdd.core.photography.DarkroomProcessingLine - Saving screenshot to C:\Repo\Reto_Final_AdvantageOnlineShopping_Automatizacion\target\site\serenity\282ce5275660b13c3e969db9b269b449185f84bf02d94b3c9a1b59322a13fc46.png
10:14:24.877 [Test worker] DEBUG net.serenitybdd.core.photography.Darkroom - Send negative for processing for C:\Repo\Reto_Final_AdvantageOnlineShopping_Automatizacion\target\site\serenity\e2f53252eb2aaa91a26d34a3178077050f273e00398216725116a5cc11718da6.png
10:14:24.879 [Darkroom Processing Line] DEBUG net.serenitybdd.core.photography.DarkroomProcessingLine - Processing screenshot image in /var/screenshots/screenshot-8435540264918352257
10:14:24.879 [Darkroom Processing Line] DEBUG net.serenitybdd.core.photography.DarkroomProcessingLine - Saving screenshot to C:\Repo\Reto_Final_AdvantageOnlineShopping_Automatizacion\target\site\serenity\e2f53252eb2aaa91a26d34a3178077050f273e00398216725116a5cc11718da6.png
10:14:27.260 [Test worker] DEBUG net.serenitybdd.core.photography.Darkroom - Send negative for processing for C:\Repo\Reto_Final_AdvantageOnlineShopping_Automatizacion\target\site\serenity\c194f8025d88359bf9a7806c95c0a1c5043a007e89402c5df7fa3b6bc7513e3a.png
10:14:30.453 [Test worker] DEBUG net.serenitybdd.core.photography.Darkroom - Send negative for processing for C:\Repo\Reto_Final_AdvantageOnlineShopping_Automatizacion\target\site\serenity\a9432ff8fe8759f683029df45d022255b182180363e9d3aaab44938c79dad71e.png
10:14:30.455 [Darkroom Processing Line] DEBUG net.serenitybdd.core.photography.DarkroomProcessingLine - Processing screenshot image in /var/screenshots/screenshot-1292739303931674928
10:14:30.456 [Darkroom Processing Line] DEBUG net.serenitybdd.core.photography.DarkroomProcessingLine - Saving screenshot to C:\Repo\Reto_Final_AdvantageOnlineShopping_Automatizacion\target\site\serenity\a9432ff8fe8759f683029df45d022255b182180363e9d3aaab44938c79dad71e.png
10:14:32.119 [Test worker] INFO net.thucydides.core.steps.ConsoleLoggingListener - ?[92m
        __    _____ _____ ____ _____   ____   _    ____  ____  _____ ____  
  _     \ \  |_   _| ____/ ___|_   _| |  _ \ / \  / ___|/ ___|| ____|  _ \ 
 (_)_____| |   | | |  _| \___ \ | |   | |_) / _ \ \___ \\___ \|  _| | | | |
  _|_____| |   | | | |___ ___) || |   |  __/ ___ \ ___) |___) | |___| |_| |
 (_)     | |   |_| |_____|____/ |_|   |_| /_/   \_\____/|____/|_____|____/ 
        /_/                                                                

TEST PASSED: La canasta de compras deberia mostrar la opcion Shipping Details
----------------------------------------------------------------------------?[0m
10:14:32.335 [Test worker] INFO net.serenitybdd.core.webdriver.driverproviders.ProvideNewDriver - Instantiating driver
10:14:32.335 [Test worker] INFO net.serenitybdd.core.webdriver.driverproviders.ProvideNewDriver - Driver capabilities: Capabilities {acceptInsecureCerts: false, acceptSslCerts: true, browserName: chrome, goog:chromeOptions: {args: [], extensions: []}, incognito: true, loggingPrefs: org.openqa.selenium.logging..., platform: ANY, version: }
10:14:37.910 [Test worker] DEBUG net.serenitybdd.core.photography.Darkroom - Send negative for processing for C:\Repo\Reto_Final_AdvantageOnlineShopping_Automatizacion\target\site\serenity\36a54f49770d83565001552bbe2140da2fa6b52ac17a1f3d417660e27baaaa07.png
10:14:40.665 [Test worker] DEBUG net.serenitybdd.core.photography.Darkroom - Send negative for processing for C:\Repo\Reto_Final_AdvantageOnlineShopping_Automatizacion\target\site\serenity\edf54f3df817337eb68992f93d0a08018d75a0ccc04fce2c80c657e1a0e25b21.png
10:14:40.667 [Darkroom Processing Line] DEBUG net.serenitybdd.core.photography.DarkroomProcessingLine - Processing screenshot image in /var/screenshots/screenshot-5751961675438756515
10:14:40.667 [Darkroom Processing Line] DEBUG net.serenitybdd.core.photography.DarkroomProcessingLine - Saving screenshot to C:\Repo\Reto_Final_AdvantageOnlineShopping_Automatizacion\target\site\serenity\edf54f3df817337eb68992f93d0a08018d75a0ccc04fce2c80c657e1a0e25b21.png
10:14:43.051 [Test worker] DEBUG net.serenitybdd.core.photography.Darkroom - Send negative for processing for C:\Repo\Reto_Final_AdvantageOnlineShopping_Automatizacion\target\site\serenity\f654c29104a4cbb4ba14e08e2a6da97efd4bc1c1a3c5fb228762bd1e0dd2606d.png
10:14:46.162 [Test worker] DEBUG net.serenitybdd.core.photography.Darkroom - Send negative for processing for C:\Repo\Reto_Final_AdvantageOnlineShopping_Automatizacion\target\site\serenity\f8c81f9b2e38b07ae7d8a290ba3ea3079f63c0f384cc385ddceefcd67fc8385f.png
10:14:46.164 [Darkroom Processing Line] DEBUG net.serenitybdd.core.photography.DarkroomProcessingLine - Processing screenshot image in /var/screenshots/screenshot-2481886905342491412
10:14:46.165 [Darkroom Processing Line] DEBUG net.serenitybdd.core.photography.DarkroomProcessingLine - Saving screenshot to C:\Repo\Reto_Final_AdvantageOnlineShopping_Automatizacion\target\site\serenity\f8c81f9b2e38b07ae7d8a290ba3ea3079f63c0f384cc385ddceefcd67fc8385f.png
10:14:46.702 [Test worker] DEBUG net.serenitybdd.core.photography.Darkroom - Send negative for processing for C:\Repo\Reto_Final_AdvantageOnlineShopping_Automatizacion\target\site\serenity\467452a0571dbcc0661fb7ca3ee43db0041e7cc5296e64d788a55e8505b9e860.png
10:14:46.704 [Darkroom Processing Line] DEBUG net.serenitybdd.core.photography.DarkroomProcessingLine - Processing screenshot image in /var/screenshots/screenshot-655498330186294686
10:14:46.704 [Darkroom Processing Line] DEBUG net.serenitybdd.core.photography.DarkroomProcessingLine - Saving screenshot to C:\Repo\Reto_Final_AdvantageOnlineShopping_Automatizacion\target\site\serenity\467452a0571dbcc0661fb7ca3ee43db0041e7cc5296e64d788a55e8505b9e860.png
10:14:48.367 [Test worker] INFO net.thucydides.core.steps.ConsoleLoggingListener - ?[92m
        __    _____ _____ ____ _____   ____   _    ____  ____  _____ ____  
  _     \ \  |_   _| ____/ ___|_   _| |  _ \ / \  / ___|/ ___|| ____|  _ \ 
 (_)_____| |   | | |  _| \___ \ | |   | |_) / _ \ \___ \\___ \|  _| | | | |
  _|_____| |   | | | |___ ___) || |   |  __/ ___ \ ___) |___) | |___| |_| |
 (_)     | |   |_| |_____|____/ |_|   |_| /_/   \_\____/|____/|_____|____/ 
        /_/                                                                

TEST PASSED: El usario deberia poder editar la Informacion de Shopping Details
----------------------------------------------------------------------------?[0m
10:14:48.567 [Test worker] INFO net.serenitybdd.core.webdriver.driverproviders.ProvideNewDriver - Instantiating driver
10:14:48.567 [Test worker] INFO net.serenitybdd.core.webdriver.driverproviders.ProvideNewDriver - Driver capabilities: Capabilities {acceptInsecureCerts: false, acceptSslCerts: true, browserName: chrome, goog:chromeOptions: {args: [], extensions: []}, incognito: true, loggingPrefs: org.openqa.selenium.logging..., platform: ANY, version: }
10:14:54.244 [Test worker] DEBUG net.serenitybdd.core.photography.Darkroom - Send negative for processing for C:\Repo\Reto_Final_AdvantageOnlineShopping_Automatizacion\target\site\serenity\63cf1b6d7271a820593945bd596f75053e8c4784fa3eb20f3e5feb8080a65c13.png
10:14:54.245 [Darkroom Processing Line] DEBUG net.serenitybdd.core.photography.DarkroomProcessingLine - Processing screenshot image in /var/screenshots/screenshot-7415834524596896790
10:14:54.245 [Darkroom Processing Line] DEBUG net.serenitybdd.core.photography.DarkroomProcessingLine - Saving screenshot to C:\Repo\Reto_Final_AdvantageOnlineShopping_Automatizacion\target\site\serenity\63cf1b6d7271a820593945bd596f75053e8c4784fa3eb20f3e5feb8080a65c13.png
10:14:56.886 [Test worker] DEBUG net.serenitybdd.core.photography.Darkroom - Send negative for processing for C:\Repo\Reto_Final_AdvantageOnlineShopping_Automatizacion\target\site\serenity\096aa56a2c359902d655722118f4df6891ca11f7297f4ccf266945df65346bf1.png
10:14:56.889 [Darkroom Processing Line] DEBUG net.serenitybdd.core.photography.DarkroomProcessingLine - Processing screenshot image in /var/screenshots/screenshot-2916187141640396702
10:14:56.890 [Darkroom Processing Line] DEBUG net.serenitybdd.core.photography.DarkroomProcessingLine - Saving screenshot to C:\Repo\Reto_Final_AdvantageOnlineShopping_Automatizacion\target\site\serenity\096aa56a2c359902d655722118f4df6891ca11f7297f4ccf266945df65346bf1.png
10:15:02.368 [Test worker] DEBUG net.serenitybdd.core.photography.Darkroom - Send negative for processing for C:\Repo\Reto_Final_AdvantageOnlineShopping_Automatizacion\target\site\serenity\3684f87edcf8216c19a9a6f93a3dcf4932b2f2cd6fdc6a0cc555f56ff058ad20.png
10:15:02.369 [Darkroom Processing Line] DEBUG net.serenitybdd.core.photography.DarkroomProcessingLine - Processing screenshot image in /var/screenshots/screenshot-8325976628473766953
10:15:02.369 [Darkroom Processing Line] DEBUG net.serenitybdd.core.photography.DarkroomProcessingLine - Saving screenshot to C:\Repo\Reto_Final_AdvantageOnlineShopping_Automatizacion\target\site\serenity\3684f87edcf8216c19a9a6f93a3dcf4932b2f2cd6fdc6a0cc555f56ff058ad20.png
10:15:02.781 [Test worker] DEBUG net.serenitybdd.core.photography.Darkroom - Send negative for processing for C:\Repo\Reto_Final_AdvantageOnlineShopping_Automatizacion\target\site\serenity\aa39ea566b6e827c14746783325d08840c60bf7bed42925497809168620a4fa8.png
10:15:02.783 [Darkroom Processing Line] DEBUG net.serenitybdd.core.photography.DarkroomProcessingLine - Processing screenshot image in /var/screenshots/screenshot-5557734066002005998
10:15:02.784 [Darkroom Processing Line] DEBUG net.serenitybdd.core.photography.DarkroomProcessingLine - Saving screenshot to C:\Repo\Reto_Final_AdvantageOnlineShopping_Automatizacion\target\site\serenity\aa39ea566b6e827c14746783325d08840c60bf7bed42925497809168620a4fa8.png
10:15:04.064 [Test worker] INFO net.thucydides.core.steps.ConsoleLoggingListener - ?[92m
        __    _____ _____ ____ _____   ____   _    ____  ____  _____ ____  
  _     \ \  |_   _| ____/ ___|_   _| |  _ \ / \  / ___|/ ___|| ____|  _ \ 
 (_)_____| |   | | |  _| \___ \ | |   | |_) / _ \ \___ \\___ \|  _| | | | |
  _|_____| |   | | | |___ ___) || |   |  __/ ___ \ ___) |___) | |___| |_| |
 (_)     | |   |_| |_____|____/ |_|   |_| /_/   \_\____/|____/|_____|____/ 
        /_/                                                                

TEST PASSED: el usuario deberia poder visulizar dos opciones de pago
----------------------------------------------------------------------------?[0m
10:15:04.297 [Test worker] INFO net.serenitybdd.core.webdriver.driverproviders.ProvideNewDriver - Instantiating driver
10:15:04.297 [Test worker] INFO net.serenitybdd.core.webdriver.driverproviders.ProvideNewDriver - Driver capabilities: Capabilities {acceptInsecureCerts: false, acceptSslCerts: true, browserName: chrome, goog:chromeOptions: {args: [], extensions: []}, incognito: true, loggingPrefs: org.openqa.selenium.logging..., platform: ANY, version: }
10:15:09.853 [Test worker] DEBUG net.serenitybdd.core.photography.Darkroom - Send negative for processing for C:\Repo\Reto_Final_AdvantageOnlineShopping_Automatizacion\target\site\serenity\5647795c73dbad72f996b6691c4f2c574bd708fd61b0fa3e66d2e8a9aa32eed7.png
10:15:09.854 [Darkroom Processing Line] DEBUG net.serenitybdd.core.photography.DarkroomProcessingLine - Processing screenshot image in /var/screenshots/screenshot-7538334814847579176
10:15:09.854 [Darkroom Processing Line] DEBUG net.serenitybdd.core.photography.DarkroomProcessingLine - Saving screenshot to C:\Repo\Reto_Final_AdvantageOnlineShopping_Automatizacion\target\site\serenity\5647795c73dbad72f996b6691c4f2c574bd708fd61b0fa3e66d2e8a9aa32eed7.png
10:15:13.219 [Test worker] DEBUG net.serenitybdd.core.photography.Darkroom - Send negative for processing for C:\Repo\Reto_Final_AdvantageOnlineShopping_Automatizacion\target\site\serenity\9d44a5874e4a7110cb46aabdb6004062d2b29795b27cb2769ed3ff5843bcf220.png
10:15:13.221 [Darkroom Processing Line] DEBUG net.serenitybdd.core.photography.DarkroomProcessingLine - Processing screenshot image in /var/screenshots/screenshot-3533390354871491716
10:15:13.221 [Darkroom Processing Line] DEBUG net.serenitybdd.core.photography.DarkroomProcessingLine - Saving screenshot to C:\Repo\Reto_Final_AdvantageOnlineShopping_Automatizacion\target\site\serenity\9d44a5874e4a7110cb46aabdb6004062d2b29795b27cb2769ed3ff5843bcf220.png
10:15:20.128 [Test worker] DEBUG net.serenitybdd.core.photography.Darkroom - Send negative for processing for C:\Repo\Reto_Final_AdvantageOnlineShopping_Automatizacion\target\site\serenity\e4a9cec7404e828ee3fa29b535bdf373e7c57ee800e6e458cedb6f48dde5ed0b.png
10:15:20.130 [Darkroom Processing Line] DEBUG net.serenitybdd.core.photography.DarkroomProcessingLine - Processing screenshot image in /var/screenshots/screenshot-4364684212270282775
10:15:20.130 [Darkroom Processing Line] DEBUG net.serenitybdd.core.photography.DarkroomProcessingLine - Saving screenshot to C:\Repo\Reto_Final_AdvantageOnlineShopping_Automatizacion\target\site\serenity\e4a9cec7404e828ee3fa29b535bdf373e7c57ee800e6e458cedb6f48dde5ed0b.png
10:15:20.444 [Test worker] DEBUG net.serenitybdd.core.photography.Darkroom - Send negative for processing for C:\Repo\Reto_Final_AdvantageOnlineShopping_Automatizacion\target\site\serenity\e4a9cec7404e828ee3fa29b535bdf373e7c57ee800e6e458cedb6f48dde5ed0b.png
10:15:21.783 [Test worker] INFO net.thucydides.core.steps.ConsoleLoggingListener - ?[92m
        __    _____ _____ ____ _____   ____   _    ____  ____  _____ ____  
  _     \ \  |_   _| ____/ ___|_   _| |  _ \ / \  / ___|/ ___|| ____|  _ \ 
 (_)_____| |   | | |  _| \___ \ | |   | |_) / _ \ \___ \\___ \|  _| | | | |
  _|_____| |   | | | |___ ___) || |   |  __/ ___ \ ___) |___) | |___| |_| |
 (_)     | |   |_| |_____|____/ |_|   |_| /_/   \_\____/|____/|_____|____/ 
        /_/                                                                

TEST PASSED: el usuari deberia poder ver la opcion de editar tarjeta
----------------------------------------------------------------------------?[0m
10:15:22.215 [Test worker] INFO net.serenitybdd.core.webdriver.driverproviders.ProvideNewDriver - Instantiating driver
10:15:22.216 [Test worker] INFO net.serenitybdd.core.webdriver.driverproviders.ProvideNewDriver - Driver capabilities: Capabilities {acceptInsecureCerts: false, acceptSslCerts: true, browserName: chrome, goog:chromeOptions: {args: [], extensions: []}, incognito: true, loggingPrefs: org.openqa.selenium.logging..., platform: ANY, version: }
10:15:29.385 [Test worker] DEBUG net.serenitybdd.core.photography.Darkroom - Send negative for processing for C:\Repo\Reto_Final_AdvantageOnlineShopping_Automatizacion\target\site\serenity\b1a909cbe1ccee13ff842b6a428de43949ce241612b88884b0fe305aff02eaab.png
10:15:29.386 [Darkroom Processing Line] DEBUG net.serenitybdd.core.photography.DarkroomProcessingLine - Processing screenshot image in /var/screenshots/screenshot-7182945301054139224
10:15:29.386 [Darkroom Processing Line] DEBUG net.serenitybdd.core.photography.DarkroomProcessingLine - Saving screenshot to C:\Repo\Reto_Final_AdvantageOnlineShopping_Automatizacion\target\site\serenity\b1a909cbe1ccee13ff842b6a428de43949ce241612b88884b0fe305aff02eaab.png
10:15:32.218 [Test worker] DEBUG net.serenitybdd.core.photography.Darkroom - Send negative for processing for C:\Repo\Reto_Final_AdvantageOnlineShopping_Automatizacion\target\site\serenity\f1eb5d8c51cb6279fd79ee4a32d9725c4aeeb8ccdef4629a8c3b8387c69404af.png
10:15:32.219 [Darkroom Processing Line] DEBUG net.serenitybdd.core.photography.DarkroomProcessingLine - Processing screenshot image in /var/screenshots/screenshot-5729290174599433444
10:15:32.219 [Darkroom Processing Line] DEBUG net.serenitybdd.core.photography.DarkroomProcessingLine - Saving screenshot to C:\Repo\Reto_Final_AdvantageOnlineShopping_Automatizacion\target\site\serenity\f1eb5d8c51cb6279fd79ee4a32d9725c4aeeb8ccdef4629a8c3b8387c69404af.png
10:15:38.327 [Test worker] DEBUG net.serenitybdd.core.photography.Darkroom - Send negative for processing for C:\Repo\Reto_Final_AdvantageOnlineShopping_Automatizacion\target\site\serenity\360a9b3d8bdc0cd3c4b966ef39afc4b332f5712a67a51f21b3c7b4805fe5d144.png
10:15:38.329 [Darkroom Processing Line] DEBUG net.serenitybdd.core.photography.DarkroomProcessingLine - Processing screenshot image in /var/screenshots/screenshot-8965586056027089866
10:15:38.329 [Darkroom Processing Line] DEBUG net.serenitybdd.core.photography.DarkroomProcessingLine - Saving screenshot to C:\Repo\Reto_Final_AdvantageOnlineShopping_Automatizacion\target\site\serenity\360a9b3d8bdc0cd3c4b966ef39afc4b332f5712a67a51f21b3c7b4805fe5d144.png
10:15:38.728 [Test worker] DEBUG net.serenitybdd.core.photography.Darkroom - Send negative for processing for C:\Repo\Reto_Final_AdvantageOnlineShopping_Automatizacion\target\site\serenity\f1d4c8f5b3a3563519479717a57f387c7d35f1bfdb90c37caf754406f8185e61.png
10:15:38.729 [Darkroom Processing Line] DEBUG net.serenitybdd.core.photography.DarkroomProcessingLine - Processing screenshot image in /var/screenshots/screenshot-2710114436828077037
10:15:38.729 [Darkroom Processing Line] DEBUG net.serenitybdd.core.photography.DarkroomProcessingLine - Saving screenshot to C:\Repo\Reto_Final_AdvantageOnlineShopping_Automatizacion\target\site\serenity\f1d4c8f5b3a3563519479717a57f387c7d35f1bfdb90c37caf754406f8185e61.png
10:15:39.450 [Test worker] DEBUG net.serenitybdd.core.photography.Darkroom - Send negative for processing for C:\Repo\Reto_Final_AdvantageOnlineShopping_Automatizacion\target\site\serenity\f1d4c8f5b3a3563519479717a57f387c7d35f1bfdb90c37caf754406f8185e61.png
10:15:40.720 [Test worker] INFO net.thucydides.core.steps.ConsoleLoggingListener - ?[92m
        __    _____ _____ ____ _____   ____   _    ____  ____  _____ ____  
  _     \ \  |_   _| ____/ ___|_   _| |  _ \ / \  / ___|/ ___|| ____|  _ \ 
 (_)_____| |   | | |  _| \___ \ | |   | |_) / _ \ \___ \\___ \|  _| | | | |
  _|_____| |   | | | |___ ___) || |   |  __/ ___ \ ___) |___) | |___| |_| |
 (_)     | |   |_| |_____|____/ |_|   |_| /_/   \_\____/|____/|_____|____/ 
        /_/                                                                

TEST PASSED: el usuario deberia poder ver los datos de la tarjeta anterior
----------------------------------------------------------------------------?[0m
10:15:40.967 [Test worker] INFO net.serenitybdd.core.webdriver.driverproviders.ProvideNewDriver - Instantiating driver
10:15:40.967 [Test worker] INFO net.serenitybdd.core.webdriver.driverproviders.ProvideNewDriver - Driver capabilities: Capabilities {acceptInsecureCerts: false, acceptSslCerts: true, browserName: chrome, goog:chromeOptions: {args: [], extensions: []}, incognito: true, loggingPrefs: org.openqa.selenium.logging..., platform: ANY, version: }
10:15:46.775 [Test worker] DEBUG net.serenitybdd.core.photography.Darkroom - Send negative for processing for C:\Repo\Reto_Final_AdvantageOnlineShopping_Automatizacion\target\site\serenity\09d6a792305c4e10f463365e1efafcb9a129d1e1eae86a4122f05e7e45663345.png
10:15:46.776 [Darkroom Processing Line] DEBUG net.serenitybdd.core.photography.DarkroomProcessingLine - Processing screenshot image in /var/screenshots/screenshot-2747703501349591886
10:15:46.777 [Darkroom Processing Line] DEBUG net.serenitybdd.core.photography.DarkroomProcessingLine - Saving screenshot to C:\Repo\Reto_Final_AdvantageOnlineShopping_Automatizacion\target\site\serenity\09d6a792305c4e10f463365e1efafcb9a129d1e1eae86a4122f05e7e45663345.png
10:15:49.405 [Test worker] DEBUG net.serenitybdd.core.photography.Darkroom - Send negative for processing for C:\Repo\Reto_Final_AdvantageOnlineShopping_Automatizacion\target\site\serenity\b36d6748da78c3f84e5922f5b1e725279361f5e21e02d19cd8da423eeb08e06b.png
10:15:49.408 [Darkroom Processing Line] DEBUG net.serenitybdd.core.photography.DarkroomProcessingLine - Processing screenshot image in /var/screenshots/screenshot-8083498760109425612
10:15:49.408 [Darkroom Processing Line] DEBUG net.serenitybdd.core.photography.DarkroomProcessingLine - Saving screenshot to C:\Repo\Reto_Final_AdvantageOnlineShopping_Automatizacion\target\site\serenity\b36d6748da78c3f84e5922f5b1e725279361f5e21e02d19cd8da423eeb08e06b.png
10:15:55.372 [Test worker] DEBUG net.serenitybdd.core.photography.Darkroom - Send negative for processing for C:\Repo\Reto_Final_AdvantageOnlineShopping_Automatizacion\target\site\serenity\ddb24da80cc54da8e8fc33082f8593a0813e135a875348efb3b64ed02f4ed419.png
10:15:55.373 [Darkroom Processing Line] DEBUG net.serenitybdd.core.photography.DarkroomProcessingLine - Processing screenshot image in /var/screenshots/screenshot-7969430486483497071
10:15:55.373 [Darkroom Processing Line] DEBUG net.serenitybdd.core.photography.DarkroomProcessingLine - Saving screenshot to C:\Repo\Reto_Final_AdvantageOnlineShopping_Automatizacion\target\site\serenity\ddb24da80cc54da8e8fc33082f8593a0813e135a875348efb3b64ed02f4ed419.png
10:15:55.663 [Test worker] DEBUG net.serenitybdd.core.photography.Darkroom - Send negative for processing for C:\Repo\Reto_Final_AdvantageOnlineShopping_Automatizacion\target\site\serenity\ddb24da80cc54da8e8fc33082f8593a0813e135a875348efb3b64ed02f4ed419.png
10:15:56.948 [Test worker] INFO net.thucydides.core.steps.ConsoleLoggingListener - ?[92m
        __    _____ _____ ____ _____   ____   _    ____  ____  _____ ____  
  _     \ \  |_   _| ____/ ___|_   _| |  _ \ / \  / ___|/ ___|| ____|  _ \ 
 (_)_____| |   | | |  _| \___ \ | |   | |_) / _ \ \___ \\___ \|  _| | | | |
  _|_____| |   | | | |___ ___) || |   |  __/ ___ \ ___) |___) | |___| |_| |
 (_)     | |   |_| |_____|____/ |_|   |_| /_/   \_\____/|____/|_____|____/ 
        /_/                                                                

TEST PASSED: el usuario deberia poder ver la opcion Pay Now
----------------------------------------------------------------------------?[0m
10:15:57.219 [Test worker] INFO net.serenitybdd.core.webdriver.driverproviders.ProvideNewDriver - Instantiating driver
10:15:57.219 [Test worker] INFO net.serenitybdd.core.webdriver.driverproviders.ProvideNewDriver - Driver capabilities: Capabilities {acceptInsecureCerts: false, acceptSslCerts: true, browserName: chrome, goog:chromeOptions: {args: [], extensions: []}, incognito: true, loggingPrefs: org.openqa.selenium.logging..., platform: ANY, version: }
10:16:02.831 [Test worker] DEBUG net.serenitybdd.core.photography.Darkroom - Send negative for processing for C:\Repo\Reto_Final_AdvantageOnlineShopping_Automatizacion\target\site\serenity\ca7a5cfea98af3fbec772d8ff4d2f15c380cb6ece68ed6d4666fbe0443f3f165.png
10:16:02.832 [Darkroom Processing Line] DEBUG net.serenitybdd.core.photography.DarkroomProcessingLine - Processing screenshot image in /var/screenshots/screenshot-4536135538558048682
10:16:02.832 [Darkroom Processing Line] DEBUG net.serenitybdd.core.photography.DarkroomProcessingLine - Saving screenshot to C:\Repo\Reto_Final_AdvantageOnlineShopping_Automatizacion\target\site\serenity\ca7a5cfea98af3fbec772d8ff4d2f15c380cb6ece68ed6d4666fbe0443f3f165.png
10:16:05.565 [Test worker] DEBUG net.serenitybdd.core.photography.Darkroom - Send negative for processing for C:\Repo\Reto_Final_AdvantageOnlineShopping_Automatizacion\target\site\serenity\b2d1dc69cfdccded5ceaf222c8d8506529423170ffdc6951f61d4240eb93c1a0.png
10:16:05.566 [Darkroom Processing Line] DEBUG net.serenitybdd.core.photography.DarkroomProcessingLine - Processing screenshot image in /var/screenshots/screenshot-6324527603130047008
10:16:05.566 [Darkroom Processing Line] DEBUG net.serenitybdd.core.photography.DarkroomProcessingLine - Saving screenshot to C:\Repo\Reto_Final_AdvantageOnlineShopping_Automatizacion\target\site\serenity\b2d1dc69cfdccded5ceaf222c8d8506529423170ffdc6951f61d4240eb93c1a0.png
10:16:11.583 [Test worker] DEBUG net.serenitybdd.core.photography.Darkroom - Send negative for processing for C:\Repo\Reto_Final_AdvantageOnlineShopping_Automatizacion\target\site\serenity\188b43f603853277aaba4feeb24cdc3cdef4c7fbb1b2294295012e9e618fe1d8.png
10:16:11.586 [Darkroom Processing Line] DEBUG net.serenitybdd.core.photography.DarkroomProcessingLine - Processing screenshot image in /var/screenshots/screenshot-8820476898497602980
10:16:11.586 [Darkroom Processing Line] DEBUG net.serenitybdd.core.photography.DarkroomProcessingLine - Saving screenshot to C:\Repo\Reto_Final_AdvantageOnlineShopping_Automatizacion\target\site\serenity\188b43f603853277aaba4feeb24cdc3cdef4c7fbb1b2294295012e9e618fe1d8.png
10:16:12.054 [Test worker] DEBUG net.serenitybdd.core.photography.Darkroom - Send negative for processing for C:\Repo\Reto_Final_AdvantageOnlineShopping_Automatizacion\target\site\serenity\026a9843b1068d6b348e6e812053c62ad65b992417447fab8caf110cb1a24b5a.png
10:16:12.055 [Darkroom Processing Line] DEBUG net.serenitybdd.core.photography.DarkroomProcessingLine - Processing screenshot image in /var/screenshots/screenshot-3018576923229202339
10:16:12.056 [Darkroom Processing Line] DEBUG net.serenitybdd.core.photography.DarkroomProcessingLine - Saving screenshot to C:\Repo\Reto_Final_AdvantageOnlineShopping_Automatizacion\target\site\serenity\026a9843b1068d6b348e6e812053c62ad65b992417447fab8caf110cb1a24b5a.png
10:16:13.365 [Test worker] DEBUG net.serenitybdd.core.photography.Darkroom - Send negative for processing for C:\Repo\Reto_Final_AdvantageOnlineShopping_Automatizacion\target\site\serenity\2248fb19c242f064c08c27e748dfa409266ae1cfda8573df3f7e0027d1ae642a.png
10:16:13.366 [Darkroom Processing Line] DEBUG net.serenitybdd.core.photography.DarkroomProcessingLine - Processing screenshot image in /var/screenshots/screenshot-6845272472578304398
10:16:13.366 [Darkroom Processing Line] DEBUG net.serenitybdd.core.photography.DarkroomProcessingLine - Saving screenshot to C:\Repo\Reto_Final_AdvantageOnlineShopping_Automatizacion\target\site\serenity\2248fb19c242f064c08c27e748dfa409266ae1cfda8573df3f7e0027d1ae642a.png
10:16:15.022 [Test worker] INFO net.thucydides.core.steps.ConsoleLoggingListener - ?[92m
        __    _____ _____ ____ _____   ____   _    ____  ____  _____ ____  
  _     \ \  |_   _| ____/ ___|_   _| |  _ \ / \  / ___|/ ___|| ____|  _ \ 
 (_)_____| |   | | |  _| \___ \ | |   | |_) / _ \ \___ \\___ \|  _| | | | |
  _|_____| |   | | | |___ ___) || |   |  __/ ___ \ ___) |___) | |___| |_| |
 (_)     | |   |_| |_____|____/ |_|   |_| /_/   \_\____/|____/|_____|____/ 
        /_/                                                                

TEST PASSED: el usuario deberia poder ver la orden de pago
----------------------------------------------------------------------------?[0m
]]></system-out>
  <system-err><![CDATA[ene 24, 2022 10:14:03 AM org.openqa.selenium.remote.DesiredCapabilities chrome
INFORMACIÓN: Using `new ChromeOptions()` is preferred to `DesiredCapabilities.chrome()`
Starting ChromeDriver 96.0.4664.45 (76e4c1bb2ab4671b8beba3444e61c0f17584b2fc-refs/branch-heads/4664@{#947}) on port 4029
Only local connections are allowed.
Please see https://chromedriver.chromium.org/security-considerations for suggestions on keeping ChromeDriver safe.
ChromeDriver was started successfully.
[1643037246.020][WARNING]: This version of ChromeDriver has not been tested with Chrome version 97.
ene 24, 2022 10:14:06 AM org.openqa.selenium.remote.ProtocolHandshake createSession
INFORMACIÓN: Detected dialect: W3C
ene 24, 2022 10:14:15 AM org.openqa.selenium.remote.DesiredCapabilities chrome
INFORMACIÓN: Using `new ChromeOptions()` is preferred to `DesiredCapabilities.chrome()`
Starting ChromeDriver 96.0.4664.45 (76e4c1bb2ab4671b8beba3444e61c0f17584b2fc-refs/branch-heads/4664@{#947}) on port 38576
Only local connections are allowed.
Please see https://chromedriver.chromium.org/security-considerations for suggestions on keeping ChromeDriver safe.
ChromeDriver was started successfully.
[1643037257.656][WARNING]: This version of ChromeDriver has not been tested with Chrome version 97.
ene 24, 2022 10:14:17 AM org.openqa.selenium.remote.ProtocolHandshake createSession
INFORMACIÓN: Detected dialect: W3C
ene 24, 2022 10:14:32 AM org.openqa.selenium.remote.DesiredCapabilities chrome
INFORMACIÓN: Using `new ChromeOptions()` is preferred to `DesiredCapabilities.chrome()`
Starting ChromeDriver 96.0.4664.45 (76e4c1bb2ab4671b8beba3444e61c0f17584b2fc-refs/branch-heads/4664@{#947}) on port 13688
Only local connections are allowed.
Please see https://chromedriver.chromium.org/security-considerations for suggestions on keeping ChromeDriver safe.
ChromeDriver was started successfully.
[1643037273.976][WARNING]: This version of ChromeDriver has not been tested with Chrome version 97.
ene 24, 2022 10:14:34 AM org.openqa.selenium.remote.ProtocolHandshake createSession
INFORMACIÓN: Detected dialect: W3C
ene 24, 2022 10:14:48 AM org.openqa.selenium.remote.DesiredCapabilities chrome
INFORMACIÓN: Using `new ChromeOptions()` is preferred to `DesiredCapabilities.chrome()`
Starting ChromeDriver 96.0.4664.45 (76e4c1bb2ab4671b8beba3444e61c0f17584b2fc-refs/branch-heads/4664@{#947}) on port 22492
Only local connections are allowed.
Please see https://chromedriver.chromium.org/security-considerations for suggestions on keeping ChromeDriver safe.
ChromeDriver was started successfully.
[1643037290.159][WARNING]: This version of ChromeDriver has not been tested with Chrome version 97.
ene 24, 2022 10:14:50 AM org.openqa.selenium.remote.ProtocolHandshake createSession
INFORMACIÓN: Detected dialect: W3C
ene 24, 2022 10:15:04 AM org.openqa.selenium.remote.DesiredCapabilities chrome
INFORMACIÓN: Using `new ChromeOptions()` is preferred to `DesiredCapabilities.chrome()`
Starting ChromeDriver 96.0.4664.45 (76e4c1bb2ab4671b8beba3444e61c0f17584b2fc-refs/branch-heads/4664@{#947}) on port 36542
Only local connections are allowed.
Please see https://chromedriver.chromium.org/security-considerations for suggestions on keeping ChromeDriver safe.
ChromeDriver was started successfully.
[1643037305.826][WARNING]: This version of ChromeDriver has not been tested with Chrome version 97.
ene 24, 2022 10:15:05 AM org.openqa.selenium.remote.ProtocolHandshake createSession
INFORMACIÓN: Detected dialect: W3C
ene 24, 2022 10:15:21 AM org.openqa.selenium.remote.DesiredCapabilities chrome
INFORMACIÓN: Using `new ChromeOptions()` is preferred to `DesiredCapabilities.chrome()`
Starting ChromeDriver 96.0.4664.45 (76e4c1bb2ab4671b8beba3444e61c0f17584b2fc-refs/branch-heads/4664@{#947}) on port 18798
Only local connections are allowed.
Please see https://chromedriver.chromium.org/security-considerations for suggestions on keeping ChromeDriver safe.
ChromeDriver was started successfully.
[1643037324.691][WARNING]: This version of ChromeDriver has not been tested with Chrome version 97.
ene 24, 2022 10:15:25 AM org.openqa.selenium.remote.ProtocolHandshake createSession
INFORMACIÓN: Detected dialect: W3C
ene 24, 2022 10:15:40 AM org.openqa.selenium.remote.DesiredCapabilities chrome
INFORMACIÓN: Using `new ChromeOptions()` is preferred to `DesiredCapabilities.chrome()`
Starting ChromeDriver 96.0.4664.45 (76e4c1bb2ab4671b8beba3444e61c0f17584b2fc-refs/branch-heads/4664@{#947}) on port 18526
Only local connections are allowed.
Please see https://chromedriver.chromium.org/security-considerations for suggestions on keeping ChromeDriver safe.
ChromeDriver was started successfully.
[1643037342.814][WARNING]: This version of ChromeDriver has not been tested with Chrome version 97.
ene 24, 2022 10:15:42 AM org.openqa.selenium.remote.ProtocolHandshake createSession
INFORMACIÓN: Detected dialect: W3C
ene 24, 2022 10:15:56 AM org.openqa.selenium.remote.DesiredCapabilities chrome
INFORMACIÓN: Using `new ChromeOptions()` is preferred to `DesiredCapabilities.chrome()`
Starting ChromeDriver 96.0.4664.45 (76e4c1bb2ab4671b8beba3444e61c0f17584b2fc-refs/branch-heads/4664@{#947}) on port 23209
Only local connections are allowed.
Please see https://chromedriver.chromium.org/security-considerations for suggestions on keeping ChromeDriver safe.
ChromeDriver was started successfully.
[1643037358.777][WARNING]: This version of ChromeDriver has not been tested with Chrome version 97.
ene 24, 2022 10:15:58 AM org.openqa.selenium.remote.ProtocolHandshake createSession
INFORMACIÓN: Detected dialect: W3C
]]></system-err>
</testsuite>
