<?xml version="1.0" encoding="UTF-8"?>
<testsuite name="Realizar la compra en línea de productos de tecnología" tests="8" skipped="0" failures="0" errors="0" timestamp="2021-12-30T21:52:57" hostname="22LAP5CD1195R94" time="109.709">
  <properties/>
  <testcase name="La canasta de compras deberia mostrar los detalles del producto a comprar" classname="Realizar la compra en línea de productos de tecnología" time="12.093"/>
  <testcase name="La canasta de compras deberia mostrar la opcion Shipping Details" classname="Realizar la compra en línea de productos de tecnología" time="12.638"/>
  <testcase name="El usario deberia poder editar la Informacion de Shopping Details" classname="Realizar la compra en línea de productos de tecnología" time="13.419"/>
  <testcase name="el usuario deberia poder visulizar dos opciones de pago" classname="Realizar la compra en línea de productos de tecnología" time="13.403"/>
  <testcase name="el usuari deberia poder ver la opcion de editar tarjeta" classname="Realizar la compra en línea de productos de tecnología" time="14.232"/>
  <testcase name="el usuario deberia poder ver los datos de la tarjeta anterior" classname="Realizar la compra en línea de productos de tecnología" time="15.705"/>
  <testcase name="el usuario deberia poder ver la opcion Pay Now" classname="Realizar la compra en línea de productos de tecnología" time="13.775"/>
  <testcase name="el usuario deberia poder ver la orden de pago" classname="Realizar la compra en línea de productos de tecnología" time="14.41"/>
  <system-out><![CDATA[16:52:57.847 [Test worker] INFO net.serenitybdd.core.webdriver.driverproviders.ProvideNewDriver - Instantiating driver
16:52:57.847 [Test worker] INFO net.serenitybdd.core.webdriver.driverproviders.ProvideNewDriver - Driver capabilities: Capabilities {acceptInsecureCerts: false, acceptSslCerts: true, browserName: chrome, goog:chromeOptions: {args: [], extensions: []}, incognito: true, loggingPrefs: org.openqa.selenium.logging..., platform: ANY, version: }
16:53:03.680 [Test worker] DEBUG net.serenitybdd.core.photography.Darkroom - Opening darkroom
16:53:03.681 [Darkroom Processing Line] DEBUG net.serenitybdd.core.photography.DarkroomProcessingLine - Darkroom processing line starting up
16:53:03.967 [Test worker] DEBUG net.serenitybdd.core.photography.Darkroom - Send negative for processing for C:\Repo\Reto_Final_AdvantageOnlineShopping_Automatizacion\target\site\serenity\44c59101cb98d047137888ae67db8570649a0d24e6e468e668df2ef7cc37b7fd.png
16:53:03.968 [Darkroom Processing Line] DEBUG net.serenitybdd.core.photography.DarkroomProcessingLine - Processing screenshot image in /var/screenshots/screenshot-8543857188798651098
16:53:03.968 [Darkroom Processing Line] DEBUG net.serenitybdd.core.photography.DarkroomProcessingLine - Saving screenshot to C:\Repo\Reto_Final_AdvantageOnlineShopping_Automatizacion\target\site\serenity\44c59101cb98d047137888ae67db8570649a0d24e6e468e668df2ef7cc37b7fd.png
16:53:06.644 [Test worker] DEBUG net.serenitybdd.core.photography.Darkroom - Send negative for processing for C:\Repo\Reto_Final_AdvantageOnlineShopping_Automatizacion\target\site\serenity\30611731865ec805bbcea56e8ea5142d2045981c911562ca1405e3f3c9ebbdf2.png
16:53:06.645 [Darkroom Processing Line] DEBUG net.serenitybdd.core.photography.DarkroomProcessingLine - Processing screenshot image in /var/screenshots/screenshot-502550100628898284
16:53:06.645 [Darkroom Processing Line] DEBUG net.serenitybdd.core.photography.DarkroomProcessingLine - Saving screenshot to C:\Repo\Reto_Final_AdvantageOnlineShopping_Automatizacion\target\site\serenity\30611731865ec805bbcea56e8ea5142d2045981c911562ca1405e3f3c9ebbdf2.png
16:53:08.283 [Test worker] DEBUG net.serenitybdd.core.photography.Darkroom - Send negative for processing for C:\Repo\Reto_Final_AdvantageOnlineShopping_Automatizacion\target\site\serenity\b3eea5df49915b5360026bd4a4eef455f8333b1bff9857c6adb1dc40d929ad5a.png
16:53:09.368 [Test worker] INFO net.thucydides.core.steps.ConsoleLoggingListener - ?[92m
        __    _____ _____ ____ _____   ____   _    ____  ____  _____ ____  
  _     \ \  |_   _| ____/ ___|_   _| |  _ \ / \  / ___|/ ___|| ____|  _ \ 
 (_)_____| |   | | |  _| \___ \ | |   | |_) / _ \ \___ \\___ \|  _| | | | |
  _|_____| |   | | | |___ ___) || |   |  __/ ___ \ ___) |___) | |___| |_| |
 (_)     | |   |_| |_____|____/ |_|   |_| /_/   \_\____/|____/|_____|____/ 
        /_/                                                                

TEST PASSED: La canasta de compras deberia mostrar los detalles del producto a comprar
----------------------------------------------------------------------------?[0m
16:53:09.575 [Test worker] INFO net.serenitybdd.core.webdriver.driverproviders.ProvideNewDriver - Instantiating driver
16:53:09.575 [Test worker] INFO net.serenitybdd.core.webdriver.driverproviders.ProvideNewDriver - Driver capabilities: Capabilities {acceptInsecureCerts: false, acceptSslCerts: true, browserName: chrome, goog:chromeOptions: {args: [], extensions: []}, incognito: true, loggingPrefs: org.openqa.selenium.logging..., platform: ANY, version: }
16:53:15.075 [Test worker] DEBUG net.serenitybdd.core.photography.Darkroom - Send negative for processing for C:\Repo\Reto_Final_AdvantageOnlineShopping_Automatizacion\target\site\serenity\58e4b1d85e6f3cbb00c55bf7ab662914a6fdf841d34323969cbd9fe8400819d8.png
16:53:15.075 [Darkroom Processing Line] DEBUG net.serenitybdd.core.photography.DarkroomProcessingLine - Processing screenshot image in /var/screenshots/screenshot-6353208077392611221
16:53:15.075 [Darkroom Processing Line] DEBUG net.serenitybdd.core.photography.DarkroomProcessingLine - Saving screenshot to C:\Repo\Reto_Final_AdvantageOnlineShopping_Automatizacion\target\site\serenity\58e4b1d85e6f3cbb00c55bf7ab662914a6fdf841d34323969cbd9fe8400819d8.png
16:53:17.735 [Test worker] DEBUG net.serenitybdd.core.photography.Darkroom - Send negative for processing for C:\Repo\Reto_Final_AdvantageOnlineShopping_Automatizacion\target\site\serenity\913348c0c5a9ede899b1d242011c6ab8e432cb7df01bee1b8ce5f178f7e3ff46.png
16:53:17.736 [Darkroom Processing Line] DEBUG net.serenitybdd.core.photography.DarkroomProcessingLine - Processing screenshot image in /var/screenshots/screenshot-7492020660529664237
16:53:17.736 [Darkroom Processing Line] DEBUG net.serenitybdd.core.photography.DarkroomProcessingLine - Saving screenshot to C:\Repo\Reto_Final_AdvantageOnlineShopping_Automatizacion\target\site\serenity\913348c0c5a9ede899b1d242011c6ab8e432cb7df01bee1b8ce5f178f7e3ff46.png
16:53:19.521 [Test worker] DEBUG net.serenitybdd.core.photography.Darkroom - Send negative for processing for C:\Repo\Reto_Final_AdvantageOnlineShopping_Automatizacion\target\site\serenity\9b6b72e835dcb47f8d524cb6c3f1019f5c658eee64b713601e7d4cfe2188f393.png
16:53:20.917 [Test worker] DEBUG net.serenitybdd.core.photography.Darkroom - Send negative for processing for C:\Repo\Reto_Final_AdvantageOnlineShopping_Automatizacion\target\site\serenity\ec11284a0e1f1f1434ed1e8f4e20059c8dc2b2e9fdff6fe5f58ffb01e00a23c0.png
16:53:20.918 [Darkroom Processing Line] DEBUG net.serenitybdd.core.photography.DarkroomProcessingLine - Processing screenshot image in /var/screenshots/screenshot-5963335461492408796
16:53:20.918 [Darkroom Processing Line] DEBUG net.serenitybdd.core.photography.DarkroomProcessingLine - Saving screenshot to C:\Repo\Reto_Final_AdvantageOnlineShopping_Automatizacion\target\site\serenity\ec11284a0e1f1f1434ed1e8f4e20059c8dc2b2e9fdff6fe5f58ffb01e00a23c0.png
16:53:22.012 [Test worker] INFO net.thucydides.core.steps.ConsoleLoggingListener - ?[92m
        __    _____ _____ ____ _____   ____   _    ____  ____  _____ ____  
  _     \ \  |_   _| ____/ ___|_   _| |  _ \ / \  / ___|/ ___|| ____|  _ \ 
 (_)_____| |   | | |  _| \___ \ | |   | |_) / _ \ \___ \\___ \|  _| | | | |
  _|_____| |   | | | |___ ___) || |   |  __/ ___ \ ___) |___) | |___| |_| |
 (_)     | |   |_| |_____|____/ |_|   |_| /_/   \_\____/|____/|_____|____/ 
        /_/                                                                

TEST PASSED: La canasta de compras deberia mostrar la opcion Shipping Details
----------------------------------------------------------------------------?[0m
16:53:22.204 [Test worker] INFO net.serenitybdd.core.webdriver.driverproviders.ProvideNewDriver - Instantiating driver
16:53:22.204 [Test worker] INFO net.serenitybdd.core.webdriver.driverproviders.ProvideNewDriver - Driver capabilities: Capabilities {acceptInsecureCerts: false, acceptSslCerts: true, browserName: chrome, goog:chromeOptions: {args: [], extensions: []}, incognito: true, loggingPrefs: org.openqa.selenium.logging..., platform: ANY, version: }
16:53:27.712 [Test worker] DEBUG net.serenitybdd.core.photography.Darkroom - Send negative for processing for C:\Repo\Reto_Final_AdvantageOnlineShopping_Automatizacion\target\site\serenity\1087c2971dac4b055280e674a62f17215be9dee873b559e76b82ff5e96cdfb7b.png
16:53:30.462 [Test worker] DEBUG net.serenitybdd.core.photography.Darkroom - Send negative for processing for C:\Repo\Reto_Final_AdvantageOnlineShopping_Automatizacion\target\site\serenity\cd2ae6002c98b5b6cefa85fa5fea5e18ad049a64391e211c57f2f15886b40cd8.png
16:53:30.462 [Darkroom Processing Line] DEBUG net.serenitybdd.core.photography.DarkroomProcessingLine - Processing screenshot image in /var/screenshots/screenshot-4578742090142983213
16:53:30.462 [Darkroom Processing Line] DEBUG net.serenitybdd.core.photography.DarkroomProcessingLine - Saving screenshot to C:\Repo\Reto_Final_AdvantageOnlineShopping_Automatizacion\target\site\serenity\cd2ae6002c98b5b6cefa85fa5fea5e18ad049a64391e211c57f2f15886b40cd8.png
16:53:32.294 [Test worker] DEBUG net.serenitybdd.core.photography.Darkroom - Send negative for processing for C:\Repo\Reto_Final_AdvantageOnlineShopping_Automatizacion\target\site\serenity\7cf6ac223d6cfd1895b9481f6b5750cb548992b23decb8df62f2566638ddca1c.png
16:53:32.295 [Darkroom Processing Line] DEBUG net.serenitybdd.core.photography.DarkroomProcessingLine - Processing screenshot image in /var/screenshots/screenshot-1957920564360638640
16:53:32.295 [Darkroom Processing Line] DEBUG net.serenitybdd.core.photography.DarkroomProcessingLine - Saving screenshot to C:\Repo\Reto_Final_AdvantageOnlineShopping_Automatizacion\target\site\serenity\7cf6ac223d6cfd1895b9481f6b5750cb548992b23decb8df62f2566638ddca1c.png
16:53:33.931 [Test worker] DEBUG net.serenitybdd.core.photography.Darkroom - Send negative for processing for C:\Repo\Reto_Final_AdvantageOnlineShopping_Automatizacion\target\site\serenity\ce5abd81c513fc31ca1f5c4541001c6524ea2da7db5192d6a96d3bdfa52193f5.png
16:53:33.932 [Darkroom Processing Line] DEBUG net.serenitybdd.core.photography.DarkroomProcessingLine - Processing screenshot image in /var/screenshots/screenshot-4252643592302693422
16:53:33.932 [Darkroom Processing Line] DEBUG net.serenitybdd.core.photography.DarkroomProcessingLine - Saving screenshot to C:\Repo\Reto_Final_AdvantageOnlineShopping_Automatizacion\target\site\serenity\ce5abd81c513fc31ca1f5c4541001c6524ea2da7db5192d6a96d3bdfa52193f5.png
16:53:34.296 [Test worker] DEBUG net.serenitybdd.core.photography.Darkroom - Send negative for processing for C:\Repo\Reto_Final_AdvantageOnlineShopping_Automatizacion\target\site\serenity\ce5abd81c513fc31ca1f5c4541001c6524ea2da7db5192d6a96d3bdfa52193f5.png
16:53:35.438 [Test worker] INFO net.thucydides.core.steps.ConsoleLoggingListener - ?[92m
        __    _____ _____ ____ _____   ____   _    ____  ____  _____ ____  
  _     \ \  |_   _| ____/ ___|_   _| |  _ \ / \  / ___|/ ___|| ____|  _ \ 
 (_)_____| |   | | |  _| \___ \ | |   | |_) / _ \ \___ \\___ \|  _| | | | |
  _|_____| |   | | | |___ ___) || |   |  __/ ___ \ ___) |___) | |___| |_| |
 (_)     | |   |_| |_____|____/ |_|   |_| /_/   \_\____/|____/|_____|____/ 
        /_/                                                                

TEST PASSED: El usario deberia poder editar la Informacion de Shopping Details
----------------------------------------------------------------------------?[0m
16:53:35.630 [Test worker] INFO net.serenitybdd.core.webdriver.driverproviders.ProvideNewDriver - Instantiating driver
16:53:35.630 [Test worker] INFO net.serenitybdd.core.webdriver.driverproviders.ProvideNewDriver - Driver capabilities: Capabilities {acceptInsecureCerts: false, acceptSslCerts: true, browserName: chrome, goog:chromeOptions: {args: [], extensions: []}, incognito: true, loggingPrefs: org.openqa.selenium.logging..., platform: ANY, version: }
16:53:41.391 [Test worker] DEBUG net.serenitybdd.core.photography.Darkroom - Send negative for processing for C:\Repo\Reto_Final_AdvantageOnlineShopping_Automatizacion\target\site\serenity\9ecffaa28d9c1484f4b82d8b7c800f25ea4c8f8d5a8f6d950e7359d060197b3c.png
16:53:41.392 [Darkroom Processing Line] DEBUG net.serenitybdd.core.photography.DarkroomProcessingLine - Processing screenshot image in /var/screenshots/screenshot-1703660091355258901
16:53:41.392 [Darkroom Processing Line] DEBUG net.serenitybdd.core.photography.DarkroomProcessingLine - Saving screenshot to C:\Repo\Reto_Final_AdvantageOnlineShopping_Automatizacion\target\site\serenity\9ecffaa28d9c1484f4b82d8b7c800f25ea4c8f8d5a8f6d950e7359d060197b3c.png
16:53:43.990 [Test worker] DEBUG net.serenitybdd.core.photography.Darkroom - Send negative for processing for C:\Repo\Reto_Final_AdvantageOnlineShopping_Automatizacion\target\site\serenity\c35582a3a0513950e8f6092e27198fe6da3ed0681c110f1b9ee1dc16e42059b7.png
16:53:43.991 [Darkroom Processing Line] DEBUG net.serenitybdd.core.photography.DarkroomProcessingLine - Processing screenshot image in /var/screenshots/screenshot-6005496708569645440
16:53:43.991 [Darkroom Processing Line] DEBUG net.serenitybdd.core.photography.DarkroomProcessingLine - Saving screenshot to C:\Repo\Reto_Final_AdvantageOnlineShopping_Automatizacion\target\site\serenity\c35582a3a0513950e8f6092e27198fe6da3ed0681c110f1b9ee1dc16e42059b7.png
16:53:47.152 [Test worker] DEBUG net.serenitybdd.core.photography.Darkroom - Send negative for processing for C:\Repo\Reto_Final_AdvantageOnlineShopping_Automatizacion\target\site\serenity\48fafddbfc8cbc1d729cfe76b70079da0c2695ba2ac8f34c3bb8553b01891fe7.png
safepay
master credit
Safepay
Master credit
16:53:47.558 [Test worker] DEBUG net.serenitybdd.core.photography.Darkroom - Send negative for processing for C:\Repo\Reto_Final_AdvantageOnlineShopping_Automatizacion\target\site\serenity\48fafddbfc8cbc1d729cfe76b70079da0c2695ba2ac8f34c3bb8553b01891fe7.png
16:53:48.844 [Test worker] INFO net.thucydides.core.steps.ConsoleLoggingListener - ?[92m
        __    _____ _____ ____ _____   ____   _    ____  ____  _____ ____  
  _     \ \  |_   _| ____/ ___|_   _| |  _ \ / \  / ___|/ ___|| ____|  _ \ 
 (_)_____| |   | | |  _| \___ \ | |   | |_) / _ \ \___ \\___ \|  _| | | | |
  _|_____| |   | | | |___ ___) || |   |  __/ ___ \ ___) |___) | |___| |_| |
 (_)     | |   |_| |_____|____/ |_|   |_| /_/   \_\____/|____/|_____|____/ 
        /_/                                                                

TEST PASSED: el usuario deberia poder visulizar dos opciones de pago
----------------------------------------------------------------------------?[0m
16:53:49.067 [Test worker] INFO net.serenitybdd.core.webdriver.driverproviders.ProvideNewDriver - Instantiating driver
16:53:49.068 [Test worker] INFO net.serenitybdd.core.webdriver.driverproviders.ProvideNewDriver - Driver capabilities: Capabilities {acceptInsecureCerts: false, acceptSslCerts: true, browserName: chrome, goog:chromeOptions: {args: [], extensions: []}, incognito: true, loggingPrefs: org.openqa.selenium.logging..., platform: ANY, version: }
16:53:55.153 [Test worker] DEBUG net.serenitybdd.core.photography.Darkroom - Send negative for processing for C:\Repo\Reto_Final_AdvantageOnlineShopping_Automatizacion\target\site\serenity\9bea0e28e6773c0735c3b484361e5e96164b4a1c616d47330c9b76173966ad91.png
16:53:55.154 [Darkroom Processing Line] DEBUG net.serenitybdd.core.photography.DarkroomProcessingLine - Processing screenshot image in /var/screenshots/screenshot-3484668047260875212
16:53:55.155 [Darkroom Processing Line] DEBUG net.serenitybdd.core.photography.DarkroomProcessingLine - Saving screenshot to C:\Repo\Reto_Final_AdvantageOnlineShopping_Automatizacion\target\site\serenity\9bea0e28e6773c0735c3b484361e5e96164b4a1c616d47330c9b76173966ad91.png
16:53:57.829 [Test worker] DEBUG net.serenitybdd.core.photography.Darkroom - Send negative for processing for C:\Repo\Reto_Final_AdvantageOnlineShopping_Automatizacion\target\site\serenity\f298c161cf262cfee7ce89e91260423f5da7cc9c86aabbd5156193bd64c816b1.png
16:53:57.830 [Darkroom Processing Line] DEBUG net.serenitybdd.core.photography.DarkroomProcessingLine - Processing screenshot image in /var/screenshots/screenshot-3356348454094415478
16:53:57.830 [Darkroom Processing Line] DEBUG net.serenitybdd.core.photography.DarkroomProcessingLine - Saving screenshot to C:\Repo\Reto_Final_AdvantageOnlineShopping_Automatizacion\target\site\serenity\f298c161cf262cfee7ce89e91260423f5da7cc9c86aabbd5156193bd64c816b1.png
16:54:01.377 [Test worker] DEBUG net.serenitybdd.core.photography.Darkroom - Send negative for processing for C:\Repo\Reto_Final_AdvantageOnlineShopping_Automatizacion\target\site\serenity\fc5733e6e7fd2774ffeeee24f5c157244d6cc6c381e2d484fbd156e20f97115a.png
16:54:01.645 [Test worker] DEBUG net.serenitybdd.core.photography.Darkroom - Send negative for processing for C:\Repo\Reto_Final_AdvantageOnlineShopping_Automatizacion\target\site\serenity\fc5733e6e7fd2774ffeeee24f5c157244d6cc6c381e2d484fbd156e20f97115a.png
16:54:03.080 [Test worker] INFO net.thucydides.core.steps.ConsoleLoggingListener - ?[92m
        __    _____ _____ ____ _____   ____   _    ____  ____  _____ ____  
  _     \ \  |_   _| ____/ ___|_   _| |  _ \ / \  / ___|/ ___|| ____|  _ \ 
 (_)_____| |   | | |  _| \___ \ | |   | |_) / _ \ \___ \\___ \|  _| | | | |
  _|_____| |   | | | |___ ___) || |   |  __/ ___ \ ___) |___) | |___| |_| |
 (_)     | |   |_| |_____|____/ |_|   |_| /_/   \_\____/|____/|_____|____/ 
        /_/                                                                

TEST PASSED: el usuari deberia poder ver la opcion de editar tarjeta
----------------------------------------------------------------------------?[0m
16:54:03.346 [Test worker] INFO net.serenitybdd.core.webdriver.driverproviders.ProvideNewDriver - Instantiating driver
16:54:03.347 [Test worker] INFO net.serenitybdd.core.webdriver.driverproviders.ProvideNewDriver - Driver capabilities: Capabilities {acceptInsecureCerts: false, acceptSslCerts: true, browserName: chrome, goog:chromeOptions: {args: [], extensions: []}, incognito: true, loggingPrefs: org.openqa.selenium.logging..., platform: ANY, version: }
16:54:10.202 [Test worker] DEBUG net.serenitybdd.core.photography.Darkroom - Send negative for processing for C:\Repo\Reto_Final_AdvantageOnlineShopping_Automatizacion\target\site\serenity\b3b7109403d0e7977f36481801f61cbe36b679b18a878440f9110dc1449aab69.png
16:54:10.203 [Darkroom Processing Line] DEBUG net.serenitybdd.core.photography.DarkroomProcessingLine - Processing screenshot image in /var/screenshots/screenshot-8222371991014510132
16:54:10.203 [Darkroom Processing Line] DEBUG net.serenitybdd.core.photography.DarkroomProcessingLine - Saving screenshot to C:\Repo\Reto_Final_AdvantageOnlineShopping_Automatizacion\target\site\serenity\b3b7109403d0e7977f36481801f61cbe36b679b18a878440f9110dc1449aab69.png
16:54:12.955 [Test worker] DEBUG net.serenitybdd.core.photography.Darkroom - Send negative for processing for C:\Repo\Reto_Final_AdvantageOnlineShopping_Automatizacion\target\site\serenity\b0c2590359497a943a7ecdc47f1a7db4c6759141ea7627e801a59cf4cb304150.png
16:54:12.956 [Darkroom Processing Line] DEBUG net.serenitybdd.core.photography.DarkroomProcessingLine - Processing screenshot image in /var/screenshots/screenshot-1829515147794412701
16:54:12.956 [Darkroom Processing Line] DEBUG net.serenitybdd.core.photography.DarkroomProcessingLine - Saving screenshot to C:\Repo\Reto_Final_AdvantageOnlineShopping_Automatizacion\target\site\serenity\b0c2590359497a943a7ecdc47f1a7db4c6759141ea7627e801a59cf4cb304150.png
16:54:16.535 [Test worker] DEBUG net.serenitybdd.core.photography.Darkroom - Send negative for processing for C:\Repo\Reto_Final_AdvantageOnlineShopping_Automatizacion\target\site\serenity\9073dc20ce04de28ac7b6e60750f7faab9cab295599d91d5fe9b164b2d54560f.png
16:54:16.931 [Test worker] DEBUG net.serenitybdd.core.photography.Darkroom - Send negative for processing for C:\Repo\Reto_Final_AdvantageOnlineShopping_Automatizacion\target\site\serenity\31c1db55d780457e9a9bd39c4c1778b12292a73adbb4a5b1159c1b227035b197.png
16:54:17.481 [Test worker] DEBUG net.serenitybdd.core.photography.Darkroom - Send negative for processing for C:\Repo\Reto_Final_AdvantageOnlineShopping_Automatizacion\target\site\serenity\31c1db55d780457e9a9bd39c4c1778b12292a73adbb4a5b1159c1b227035b197.png
16:54:18.792 [Test worker] INFO net.thucydides.core.steps.ConsoleLoggingListener - ?[92m
        __    _____ _____ ____ _____   ____   _    ____  ____  _____ ____  
  _     \ \  |_   _| ____/ ___|_   _| |  _ \ / \  / ___|/ ___|| ____|  _ \ 
 (_)_____| |   | | |  _| \___ \ | |   | |_) / _ \ \___ \\___ \|  _| | | | |
  _|_____| |   | | | |___ ___) || |   |  __/ ___ \ ___) |___) | |___| |_| |
 (_)     | |   |_| |_____|____/ |_|   |_| /_/   \_\____/|____/|_____|____/ 
        /_/                                                                

TEST PASSED: el usuario deberia poder ver los datos de la tarjeta anterior
----------------------------------------------------------------------------?[0m
16:54:19.015 [Test worker] INFO net.serenitybdd.core.webdriver.driverproviders.ProvideNewDriver - Instantiating driver
16:54:19.015 [Test worker] INFO net.serenitybdd.core.webdriver.driverproviders.ProvideNewDriver - Driver capabilities: Capabilities {acceptInsecureCerts: false, acceptSslCerts: true, browserName: chrome, goog:chromeOptions: {args: [], extensions: []}, incognito: true, loggingPrefs: org.openqa.selenium.logging..., platform: ANY, version: }
16:54:24.592 [Test worker] DEBUG net.serenitybdd.core.photography.Darkroom - Send negative for processing for C:\Repo\Reto_Final_AdvantageOnlineShopping_Automatizacion\target\site\serenity\bdb6741641b61b249b63b91a3c0f9146434f39972afa969f2d6e89d9a1d2172f.png
16:54:27.357 [Test worker] DEBUG net.serenitybdd.core.photography.Darkroom - Send negative for processing for C:\Repo\Reto_Final_AdvantageOnlineShopping_Automatizacion\target\site\serenity\274c5f80b1b8039d27b6ae7a5afc00d908db9764fa936593c491b2f8e31456e7.png
16:54:27.358 [Darkroom Processing Line] DEBUG net.serenitybdd.core.photography.DarkroomProcessingLine - Processing screenshot image in /var/screenshots/screenshot-5780238243941041768
16:54:27.358 [Darkroom Processing Line] DEBUG net.serenitybdd.core.photography.DarkroomProcessingLine - Saving screenshot to C:\Repo\Reto_Final_AdvantageOnlineShopping_Automatizacion\target\site\serenity\274c5f80b1b8039d27b6ae7a5afc00d908db9764fa936593c491b2f8e31456e7.png
16:54:30.770 [Test worker] DEBUG net.serenitybdd.core.photography.Darkroom - Send negative for processing for C:\Repo\Reto_Final_AdvantageOnlineShopping_Automatizacion\target\site\serenity\9dba147d40177dc5bf1f2a41dab70cb9d9dacb6c4a4601a31f7fd6378084a59b.png
16:54:31.009 [Test worker] DEBUG net.serenitybdd.core.photography.Darkroom - Send negative for processing for C:\Repo\Reto_Final_AdvantageOnlineShopping_Automatizacion\target\site\serenity\9dba147d40177dc5bf1f2a41dab70cb9d9dacb6c4a4601a31f7fd6378084a59b.png
16:54:32.570 [Test worker] INFO net.thucydides.core.steps.ConsoleLoggingListener - ?[92m
        __    _____ _____ ____ _____   ____   _    ____  ____  _____ ____  
  _     \ \  |_   _| ____/ ___|_   _| |  _ \ / \  / ___|/ ___|| ____|  _ \ 
 (_)_____| |   | | |  _| \___ \ | |   | |_) / _ \ \___ \\___ \|  _| | | | |
  _|_____| |   | | | |___ ___) || |   |  __/ ___ \ ___) |___) | |___| |_| |
 (_)     | |   |_| |_____|____/ |_|   |_| /_/   \_\____/|____/|_____|____/ 
        /_/                                                                

TEST PASSED: el usuario deberia poder ver la opcion Pay Now
----------------------------------------------------------------------------?[0m
16:54:32.833 [Test worker] INFO net.serenitybdd.core.webdriver.driverproviders.ProvideNewDriver - Instantiating driver
16:54:32.833 [Test worker] INFO net.serenitybdd.core.webdriver.driverproviders.ProvideNewDriver - Driver capabilities: Capabilities {acceptInsecureCerts: false, acceptSslCerts: true, browserName: chrome, goog:chromeOptions: {args: [], extensions: []}, incognito: true, loggingPrefs: org.openqa.selenium.logging..., platform: ANY, version: }
16:54:38.447 [Test worker] DEBUG net.serenitybdd.core.photography.Darkroom - Send negative for processing for C:\Repo\Reto_Final_AdvantageOnlineShopping_Automatizacion\target\site\serenity\b3b7109403d0e7977f36481801f61cbe36b679b18a878440f9110dc1449aab69.png
16:54:41.173 [Test worker] DEBUG net.serenitybdd.core.photography.Darkroom - Send negative for processing for C:\Repo\Reto_Final_AdvantageOnlineShopping_Automatizacion\target\site\serenity\43864025ef6f1dc443d1b54df7e737ec7b86185c001399de2f2c80eb05a8f04e.png
16:54:41.174 [Darkroom Processing Line] DEBUG net.serenitybdd.core.photography.DarkroomProcessingLine - Processing screenshot image in /var/screenshots/screenshot-7849398097989474285
16:54:41.174 [Darkroom Processing Line] DEBUG net.serenitybdd.core.photography.DarkroomProcessingLine - Saving screenshot to C:\Repo\Reto_Final_AdvantageOnlineShopping_Automatizacion\target\site\serenity\43864025ef6f1dc443d1b54df7e737ec7b86185c001399de2f2c80eb05a8f04e.png
16:54:44.603 [Test worker] DEBUG net.serenitybdd.core.photography.Darkroom - Send negative for processing for C:\Repo\Reto_Final_AdvantageOnlineShopping_Automatizacion\target\site\serenity\1d1cd4cb25ccfdaf1f24b33a5d86f291c49d314834b1bb066cb83034a82d3718.png
16:54:44.958 [Test worker] DEBUG net.serenitybdd.core.photography.Darkroom - Send negative for processing for C:\Repo\Reto_Final_AdvantageOnlineShopping_Automatizacion\target\site\serenity\407a8f7519584e33a6e7daa61e1da28f637a6d3dd05f9238f69644ff4f384c2d.png
16:54:44.959 [Darkroom Processing Line] DEBUG net.serenitybdd.core.photography.DarkroomProcessingLine - Processing screenshot image in /var/screenshots/screenshot-8117170122240420355
16:54:44.959 [Darkroom Processing Line] DEBUG net.serenitybdd.core.photography.DarkroomProcessingLine - Saving screenshot to C:\Repo\Reto_Final_AdvantageOnlineShopping_Automatizacion\target\site\serenity\407a8f7519584e33a6e7daa61e1da28f637a6d3dd05f9238f69644ff4f384c2d.png
Shipping to
16:54:45.764 [Test worker] DEBUG net.serenitybdd.core.photography.Darkroom - Send negative for processing for C:\Repo\Reto_Final_AdvantageOnlineShopping_Automatizacion\target\site\serenity\769d53b5fc409cea148bdc0bd799e6c0d1664e20618ddf5ce8afbcd0af56941f.png
16:54:45.765 [Darkroom Processing Line] DEBUG net.serenitybdd.core.photography.DarkroomProcessingLine - Processing screenshot image in /var/screenshots/screenshot-9161901692309638858
16:54:45.765 [Darkroom Processing Line] DEBUG net.serenitybdd.core.photography.DarkroomProcessingLine - Saving screenshot to C:\Repo\Reto_Final_AdvantageOnlineShopping_Automatizacion\target\site\serenity\769d53b5fc409cea148bdc0bd799e6c0d1664e20618ddf5ce8afbcd0af56941f.png
16:54:46.985 [Test worker] INFO net.thucydides.core.steps.ConsoleLoggingListener - ?[92m
        __    _____ _____ ____ _____   ____   _    ____  ____  _____ ____  
  _     \ \  |_   _| ____/ ___|_   _| |  _ \ / \  / ___|/ ___|| ____|  _ \ 
 (_)_____| |   | | |  _| \___ \ | |   | |_) / _ \ \___ \\___ \|  _| | | | |
  _|_____| |   | | | |___ ___) || |   |  __/ ___ \ ___) |___) | |___| |_| |
 (_)     | |   |_| |_____|____/ |_|   |_| /_/   \_\____/|____/|_____|____/ 
        /_/                                                                

TEST PASSED: el usuario deberia poder ver la orden de pago
----------------------------------------------------------------------------?[0m
]]></system-out>
  <system-err><![CDATA[dic 30, 2021 4:52:57 PM org.openqa.selenium.remote.DesiredCapabilities chrome
INFORMACIÓN: Using `new ChromeOptions()` is preferred to `DesiredCapabilities.chrome()`
Starting ChromeDriver 96.0.4664.45 (76e4c1bb2ab4671b8beba3444e61c0f17584b2fc-refs/branch-heads/4664@{#947}) on port 20998
Only local connections are allowed.
Please see https://chromedriver.chromium.org/security-considerations for suggestions on keeping ChromeDriver safe.
ChromeDriver was started successfully.
dic 30, 2021 4:52:59 PM org.openqa.selenium.remote.ProtocolHandshake createSession
INFORMACIÓN: Detected dialect: W3C
dic 30, 2021 4:53:09 PM org.openqa.selenium.remote.DesiredCapabilities chrome
INFORMACIÓN: Using `new ChromeOptions()` is preferred to `DesiredCapabilities.chrome()`
Starting ChromeDriver 96.0.4664.45 (76e4c1bb2ab4671b8beba3444e61c0f17584b2fc-refs/branch-heads/4664@{#947}) on port 44139
Only local connections are allowed.
Please see https://chromedriver.chromium.org/security-considerations for suggestions on keeping ChromeDriver safe.
ChromeDriver was started successfully.
dic 30, 2021 4:53:11 PM org.openqa.selenium.remote.ProtocolHandshake createSession
INFORMACIÓN: Detected dialect: W3C
dic 30, 2021 4:53:22 PM org.openqa.selenium.remote.DesiredCapabilities chrome
INFORMACIÓN: Using `new ChromeOptions()` is preferred to `DesiredCapabilities.chrome()`
Starting ChromeDriver 96.0.4664.45 (76e4c1bb2ab4671b8beba3444e61c0f17584b2fc-refs/branch-heads/4664@{#947}) on port 35978
Only local connections are allowed.
Please see https://chromedriver.chromium.org/security-considerations for suggestions on keeping ChromeDriver safe.
ChromeDriver was started successfully.
dic 30, 2021 4:53:23 PM org.openqa.selenium.remote.ProtocolHandshake createSession
INFORMACIÓN: Detected dialect: W3C
dic 30, 2021 4:53:35 PM org.openqa.selenium.remote.DesiredCapabilities chrome
INFORMACIÓN: Using `new ChromeOptions()` is preferred to `DesiredCapabilities.chrome()`
Starting ChromeDriver 96.0.4664.45 (76e4c1bb2ab4671b8beba3444e61c0f17584b2fc-refs/branch-heads/4664@{#947}) on port 46993
Only local connections are allowed.
Please see https://chromedriver.chromium.org/security-considerations for suggestions on keeping ChromeDriver safe.
ChromeDriver was started successfully.
dic 30, 2021 4:53:37 PM org.openqa.selenium.remote.ProtocolHandshake createSession
INFORMACIÓN: Detected dialect: W3C
dic 30, 2021 4:53:48 PM org.openqa.selenium.remote.DesiredCapabilities chrome
INFORMACIÓN: Using `new ChromeOptions()` is preferred to `DesiredCapabilities.chrome()`
Starting ChromeDriver 96.0.4664.45 (76e4c1bb2ab4671b8beba3444e61c0f17584b2fc-refs/branch-heads/4664@{#947}) on port 37185
Only local connections are allowed.
Please see https://chromedriver.chromium.org/security-considerations for suggestions on keeping ChromeDriver safe.
ChromeDriver was started successfully.
dic 30, 2021 4:53:50 PM org.openqa.selenium.remote.ProtocolHandshake createSession
INFORMACIÓN: Detected dialect: W3C
dic 30, 2021 4:54:03 PM org.openqa.selenium.remote.DesiredCapabilities chrome
INFORMACIÓN: Using `new ChromeOptions()` is preferred to `DesiredCapabilities.chrome()`
Starting ChromeDriver 96.0.4664.45 (76e4c1bb2ab4671b8beba3444e61c0f17584b2fc-refs/branch-heads/4664@{#947}) on port 2601
Only local connections are allowed.
Please see https://chromedriver.chromium.org/security-considerations for suggestions on keeping ChromeDriver safe.
ChromeDriver was started successfully.
dic 30, 2021 4:54:06 PM org.openqa.selenium.remote.ProtocolHandshake createSession
INFORMACIÓN: Detected dialect: W3C
dic 30, 2021 4:54:18 PM org.openqa.selenium.remote.DesiredCapabilities chrome
INFORMACIÓN: Using `new ChromeOptions()` is preferred to `DesiredCapabilities.chrome()`
Starting ChromeDriver 96.0.4664.45 (76e4c1bb2ab4671b8beba3444e61c0f17584b2fc-refs/branch-heads/4664@{#947}) on port 14860
Only local connections are allowed.
Please see https://chromedriver.chromium.org/security-considerations for suggestions on keeping ChromeDriver safe.
ChromeDriver was started successfully.
dic 30, 2021 4:54:20 PM org.openqa.selenium.remote.ProtocolHandshake createSession
INFORMACIÓN: Detected dialect: W3C
dic 30, 2021 4:54:32 PM org.openqa.selenium.remote.DesiredCapabilities chrome
INFORMACIÓN: Using `new ChromeOptions()` is preferred to `DesiredCapabilities.chrome()`
Starting ChromeDriver 96.0.4664.45 (76e4c1bb2ab4671b8beba3444e61c0f17584b2fc-refs/branch-heads/4664@{#947}) on port 8448
Only local connections are allowed.
Please see https://chromedriver.chromium.org/security-considerations for suggestions on keeping ChromeDriver safe.
ChromeDriver was started successfully.
dic 30, 2021 4:54:34 PM org.openqa.selenium.remote.ProtocolHandshake createSession
INFORMACIÓN: Detected dialect: W3C
]]></system-err>
</testsuite>
