<?xml version="1.0" encoding="UTF-8"?>
<testsuite name="com.indra.runners.AdvantageonlineshoppingBuyOnlineRunners" tests="0" skipped="0" failures="0" errors="0" timestamp="1970-01-01T00:00:00" hostname="22LAP5CD1195R94" time="0.0">
  <properties/>
  <system-out><![CDATA[16:52:56.809 [Test worker] DEBUG net.thucydides.core.util.PropertiesFileLocalPreferences - LOADING LOCAL PROPERTIES FROM C:\Repo\Reto_Final_AdvantageOnlineShopping_Automatizacion\serenity.properties 
16:52:56.887 [Test worker] DEBUG net.thucydides.core.util.PropertiesFileLocalPreferences - LOADING LOCAL PROPERTIES FROM C:\Repo\Reto_Final_AdvantageOnlineShopping_Automatizacion\serenity.properties 
16:52:56.887 [Test worker] DEBUG net.thucydides.core.util.PropertiesFileLocalPreferences - LOADING LOCAL PROPERTIES FROM C:\Repo\Reto_Final_AdvantageOnlineShopping_Automatizacion\serenity.properties 
16:52:56.895 [Test worker] DEBUG net.thucydides.core.util.PropertiesFileLocalPreferences - webdriver.driver=chrome
16:52:56.896 [Test worker] DEBUG net.thucydides.core.util.PropertiesFileLocalPreferences - chrome.capabilities.incognito=true
16:52:56.896 [Test worker] DEBUG net.thucydides.core.util.PropertiesFileLocalPreferences - webdriver.chrome.driver=src/test/resources/drivers/chromedriver.exe
16:52:56.896 [Test worker] DEBUG net.thucydides.core.util.PropertiesFileLocalPreferences - chrome.capabilities.acceptSslCerts=true
16:52:56.896 [Test worker] DEBUG net.thucydides.core.util.PropertiesFileLocalPreferences - serenity.console.colors=true
16:52:56.896 [Test worker] DEBUG net.thucydides.core.util.PropertiesFileLocalPreferences - webdriver.base.url=https://advantageonlineshopping.com/#/
16:52:56.896 [Test worker] DEBUG net.thucydides.core.util.PropertiesFileLocalPreferences - serenity.project.name=Dojo Serenity / Cucumber
16:52:56.896 [Test worker] DEBUG net.thucydides.core.util.PropertiesFileLocalPreferences - webdriver.wait.for.timeout=6000
16:52:56.896 [Test worker] DEBUG net.thucydides.core.util.PropertiesFileLocalPreferences - serenity.use.unique.browser=true
16:52:56.896 [Test worker] DEBUG net.thucydides.core.util.PropertiesFileLocalPreferences - webdriver.timeouts.implicitlywait=20000
16:52:56.896 [Test worker] DEBUG net.thucydides.core.util.PropertiesFileLocalPreferences - serenity.browser.maximized=true
16:52:57.134 [Test worker] DEBUG net.thucydides.core.util.PropertiesFileLocalPreferences - LOADING LOCAL PROPERTIES FROM C:\Repo\Reto_Final_AdvantageOnlineShopping_Automatizacion\serenity.properties 
16:52:57.178 [Test worker] DEBUG net.thucydides.core.util.PropertiesFileLocalPreferences - LOADING LOCAL PROPERTIES FROM C:\Repo\Reto_Final_AdvantageOnlineShopping_Automatizacion\serenity.properties 
16:52:57.179 [Test worker] DEBUG net.thucydides.core.util.PropertiesFileLocalPreferences - LOADING LOCAL PROPERTIES FROM C:\Repo\Reto_Final_AdvantageOnlineShopping_Automatizacion\serenity.properties 
16:52:57.180 [Test worker] DEBUG net.thucydides.core.util.PropertiesFileLocalPreferences - webdriver.driver=chrome
16:52:57.180 [Test worker] DEBUG net.thucydides.core.util.PropertiesFileLocalPreferences - chrome.capabilities.incognito=true
16:52:57.180 [Test worker] DEBUG net.thucydides.core.util.PropertiesFileLocalPreferences - webdriver.chrome.driver=src/test/resources/drivers/chromedriver.exe
16:52:57.180 [Test worker] DEBUG net.thucydides.core.util.PropertiesFileLocalPreferences - chrome.capabilities.acceptSslCerts=true
16:52:57.180 [Test worker] DEBUG net.thucydides.core.util.PropertiesFileLocalPreferences - serenity.console.colors=true
16:52:57.180 [Test worker] DEBUG net.thucydides.core.util.PropertiesFileLocalPreferences - webdriver.base.url=https://advantageonlineshopping.com/#/
16:52:57.180 [Test worker] DEBUG net.thucydides.core.util.PropertiesFileLocalPreferences - serenity.project.name=Dojo Serenity / Cucumber
16:52:57.180 [Test worker] DEBUG net.thucydides.core.util.PropertiesFileLocalPreferences - webdriver.wait.for.timeout=6000
16:52:57.181 [Test worker] DEBUG net.thucydides.core.util.PropertiesFileLocalPreferences - serenity.use.unique.browser=true
16:52:57.181 [Test worker] DEBUG net.thucydides.core.util.PropertiesFileLocalPreferences - webdriver.timeouts.implicitlywait=20000
16:52:57.181 [Test worker] DEBUG net.thucydides.core.util.PropertiesFileLocalPreferences - serenity.browser.maximized=true
16:52:57.185 [Test worker] INFO net.thucydides.core.steps.ConsoleLoggingListener - ?[96m

-------------------------------------------------------------------------------------
     _______. _______ .______       _______ .__   __.  __  .___________.____    ____ 
    /       ||   ____||   _  \     |   ____||  \ |  | |  | |           |\   \  /   / 
   |   (----`|  |__   |  |_)  |    |  |__   |   \|  | |  | `---|  |----` \   \/   /  
    \   \    |   __|  |      /     |   __|  |  . `  | |  |     |  |       \_    _/   
.----)   |   |  |____ |  |\  \----.|  |____ |  |\   | |  |     |  |         |  |     
|_______/    |_______|| _| `._____||_______||__| \__| |__|     |__|         |__|    
                                                                                     
 News and tutorials at http://www.serenity-bdd.info                                  
 Documentation at https://wakaleo.gitbooks.io/the-serenity-book/content/             
 Join the Serenity Community on Rocket Chat at https://serenity-bdd.rocket.chat      
 Serenity BDD Support and Training at http://serenity-bdd.info/#/trainingandsupport  
 Learn Serenity BDD online at http://serenity-dojo.com                               
-------------------------------------------------------------------------------------
?[0m
16:52:57.188 [Test worker] DEBUG net.thucydides.core.steps.StepEventBus - Test suite started for story net.thucydides.core.model.Story@c1221db4
16:52:57.190 [Test worker] INFO net.thucydides.core.steps.ConsoleLoggingListener - Test Suite Started: Realizar la compra en línea de productos de tecnología
16:52:57.234 [Test worker] INFO net.thucydides.core.steps.ConsoleLoggingListener - 
 _____ _____ ____ _____   ____ _____  _    ____ _____ _____ ____  
|_   _| ____/ ___|_   _| / ___|_   _|/ \  |  _ \_   _| ____|  _ \ 
  | | |  _| \___ \ | |   \___ \ | | / _ \ | |_) || | |  _| | | | |
  | | | |___ ___) || |    ___) || |/ ___ \|  _ < | | | |___| |_| |
  |_| |_____|____/ |_|   |____/ |_/_/   \_\_| \_\|_| |_____|____/ 
                                                                  

TEST STARTED: La canasta de compras deberia mostrar los detalles del producto a comprar
-------------------------------------------------------------------(realizar-la-compra-en-línea-de-productos-de-tecnología;la-canasta-de-compras-deberia-mostrar-los-detalles-del-producto-a-comprar)
16:53:09.373 [Test worker] INFO net.thucydides.core.steps.ConsoleLoggingListener - 
 _____ _____ ____ _____   ____ _____  _    ____ _____ _____ ____  
|_   _| ____/ ___|_   _| / ___|_   _|/ \  |  _ \_   _| ____|  _ \ 
  | | |  _| \___ \ | |   \___ \ | | / _ \ | |_) || | |  _| | | | |
  | | | |___ ___) || |    ___) || |/ ___ \|  _ < | | | |___| |_| |
  |_| |_____|____/ |_|   |____/ |_/_/   \_\_| \_\|_| |_____|____/ 
                                                                  

TEST STARTED: La canasta de compras deberia mostrar la opcion Shipping Details
-------------------------------------------------------------------(realizar-la-compra-en-línea-de-productos-de-tecnología;la-canasta-de-compras-deberia-mostrar-la-opcion-shipping-details)
16:53:22.017 [Test worker] INFO net.thucydides.core.steps.ConsoleLoggingListener - 
 _____ _____ ____ _____   ____ _____  _    ____ _____ _____ ____  
|_   _| ____/ ___|_   _| / ___|_   _|/ \  |  _ \_   _| ____|  _ \ 
  | | |  _| \___ \ | |   \___ \ | | / _ \ | |_) || | |  _| | | | |
  | | | |___ ___) || |    ___) || |/ ___ \|  _ < | | | |___| |_| |
  |_| |_____|____/ |_|   |____/ |_/_/   \_\_| \_\|_| |_____|____/ 
                                                                  

TEST STARTED: El usario deberia poder editar la Informacion de Shopping Details
-------------------------------------------------------------------(realizar-la-compra-en-línea-de-productos-de-tecnología;el-usario-deberia-poder-editar-la-informacion-de-shopping-details)
16:53:35.441 [Test worker] INFO net.thucydides.core.steps.ConsoleLoggingListener - 
 _____ _____ ____ _____   ____ _____  _    ____ _____ _____ ____  
|_   _| ____/ ___|_   _| / ___|_   _|/ \  |  _ \_   _| ____|  _ \ 
  | | |  _| \___ \ | |   \___ \ | | / _ \ | |_) || | |  _| | | | |
  | | | |___ ___) || |    ___) || |/ ___ \|  _ < | | | |___| |_| |
  |_| |_____|____/ |_|   |____/ |_/_/   \_\_| \_\|_| |_____|____/ 
                                                                  

TEST STARTED: el usuario deberia poder visulizar dos opciones de pago
-------------------------------------------------------------------(realizar-la-compra-en-línea-de-productos-de-tecnología;el-usuario-deberia-poder-visulizar-dos-opciones-de-pago)
16:53:48.847 [Test worker] INFO net.thucydides.core.steps.ConsoleLoggingListener - 
 _____ _____ ____ _____   ____ _____  _    ____ _____ _____ ____  
|_   _| ____/ ___|_   _| / ___|_   _|/ \  |  _ \_   _| ____|  _ \ 
  | | |  _| \___ \ | |   \___ \ | | / _ \ | |_) || | |  _| | | | |
  | | | |___ ___) || |    ___) || |/ ___ \|  _ < | | | |___| |_| |
  |_| |_____|____/ |_|   |____/ |_/_/   \_\_| \_\|_| |_____|____/ 
                                                                  

TEST STARTED: el usuari deberia poder ver la opcion de editar tarjeta
-------------------------------------------------------------------(realizar-la-compra-en-línea-de-productos-de-tecnología;el-usuari-deberia-poder-ver-la-opcion-de-editar-tarjeta)
16:54:03.085 [Test worker] INFO net.thucydides.core.steps.ConsoleLoggingListener - 
 _____ _____ ____ _____   ____ _____  _    ____ _____ _____ ____  
|_   _| ____/ ___|_   _| / ___|_   _|/ \  |  _ \_   _| ____|  _ \ 
  | | |  _| \___ \ | |   \___ \ | | / _ \ | |_) || | |  _| | | | |
  | | | |___ ___) || |    ___) || |/ ___ \|  _ < | | | |___| |_| |
  |_| |_____|____/ |_|   |____/ |_/_/   \_\_| \_\|_| |_____|____/ 
                                                                  

TEST STARTED: el usuario deberia poder ver los datos de la tarjeta anterior
-------------------------------------------------------------------(realizar-la-compra-en-línea-de-productos-de-tecnología;el-usuario-deberia-poder-ver-los-datos-de-la-tarjeta-anterior)
16:54:18.794 [Test worker] INFO net.thucydides.core.steps.ConsoleLoggingListener - 
 _____ _____ ____ _____   ____ _____  _    ____ _____ _____ ____  
|_   _| ____/ ___|_   _| / ___|_   _|/ \  |  _ \_   _| ____|  _ \ 
  | | |  _| \___ \ | |   \___ \ | | / _ \ | |_) || | |  _| | | | |
  | | | |___ ___) || |    ___) || |/ ___ \|  _ < | | | |___| |_| |
  |_| |_____|____/ |_|   |____/ |_/_/   \_\_| \_\|_| |_____|____/ 
                                                                  

TEST STARTED: el usuario deberia poder ver la opcion Pay Now
-------------------------------------------------------------------(realizar-la-compra-en-línea-de-productos-de-tecnología;el-usuario-deberia-poder-ver-la-opcion-pay-now)
16:54:32.572 [Test worker] INFO net.thucydides.core.steps.ConsoleLoggingListener - 
 _____ _____ ____ _____   ____ _____  _    ____ _____ _____ ____  
|_   _| ____/ ___|_   _| / ___|_   _|/ \  |  _ \_   _| ____|  _ \ 
  | | |  _| \___ \ | |   \___ \ | | / _ \ | |_) || | |  _| | | | |
  | | | |___ ___) || |    ___) || |/ ___ \|  _ < | | | |___| |_| |
  |_| |_____|____/ |_|   |____/ |_/_/   \_\_| \_\|_| |_____|____/ 
                                                                  

TEST STARTED: el usuario deberia poder ver la orden de pago
-------------------------------------------------------------------(realizar-la-compra-en-línea-de-productos-de-tecnología;el-usuario-deberia-poder-ver-la-orden-de-pago)
16:54:46.989 [Test worker] DEBUG net.thucydides.core.reports.ReportService - Reporting formats: [JSON, HTML]
16:54:47.053 [Test worker] DEBUG net.thucydides.core.reports.ReportService - Reporting formats: [JSON, HTML]
16:54:47.114 [Test worker] DEBUG net.thucydides.core.reports.ReportService - Generating reports for 8 test outcomes using: net.thucydides.core.reports.json.JSONTestOutcomeReporter@52552f13
16:54:47.115 [pool-1-thread-1] DEBUG net.thucydides.core.reports.ReportService - Processing test outcome Realizar la compra en línea de productos de tecnología:La canasta de compras deberia mostrar los detalles del producto a comprar
16:54:47.115 [pool-1-thread-3] DEBUG net.thucydides.core.reports.ReportService - Processing test outcome Realizar la compra en línea de productos de tecnología:El usario deberia poder editar la Informacion de Shopping Details
16:54:47.115 [pool-1-thread-2] DEBUG net.thucydides.core.reports.ReportService - Processing test outcome Realizar la compra en línea de productos de tecnología:La canasta de compras deberia mostrar la opcion Shipping Details
16:54:47.115 [pool-1-thread-4] DEBUG net.thucydides.core.reports.ReportService - Processing test outcome Realizar la compra en línea de productos de tecnología:el usuario deberia poder visulizar dos opciones de pago
16:54:47.116 [pool-1-thread-1] DEBUG net.thucydides.core.reports.ReportService - net.thucydides.core.reports.json.JSONTestOutcomeReporter@52552f13: Generating report for test outcome: Realizar la compra en línea de productos de tecnología:La canasta de compras deberia mostrar los detalles del producto a comprar
16:54:47.116 [pool-1-thread-5] DEBUG net.thucydides.core.reports.ReportService - Processing test outcome Realizar la compra en línea de productos de tecnología:el usuari deberia poder ver la opcion de editar tarjeta
16:54:47.116 [pool-1-thread-6] DEBUG net.thucydides.core.reports.ReportService - Processing test outcome Realizar la compra en línea de productos de tecnología:el usuario deberia poder ver los datos de la tarjeta anterior
16:54:47.116 [pool-1-thread-6] DEBUG net.thucydides.core.reports.ReportService - net.thucydides.core.reports.json.JSONTestOutcomeReporter@52552f13: Generating report for test outcome: Realizar la compra en línea de productos de tecnología:el usuario deberia poder ver los datos de la tarjeta anterior
16:54:47.116 [pool-1-thread-7] DEBUG net.thucydides.core.reports.ReportService - Processing test outcome Realizar la compra en línea de productos de tecnología:el usuario deberia poder ver la opcion Pay Now
16:54:47.116 [pool-1-thread-3] DEBUG net.thucydides.core.reports.ReportService - net.thucydides.core.reports.json.JSONTestOutcomeReporter@52552f13: Generating report for test outcome: Realizar la compra en línea de productos de tecnología:El usario deberia poder editar la Informacion de Shopping Details
16:54:47.117 [pool-1-thread-7] DEBUG net.thucydides.core.reports.ReportService - net.thucydides.core.reports.json.JSONTestOutcomeReporter@52552f13: Generating report for test outcome: Realizar la compra en línea de productos de tecnología:el usuario deberia poder ver la opcion Pay Now
16:54:47.116 [pool-1-thread-2] DEBUG net.thucydides.core.reports.ReportService - net.thucydides.core.reports.json.JSONTestOutcomeReporter@52552f13: Generating report for test outcome: Realizar la compra en línea de productos de tecnología:La canasta de compras deberia mostrar la opcion Shipping Details
16:54:47.116 [pool-1-thread-8] DEBUG net.thucydides.core.reports.ReportService - Processing test outcome Realizar la compra en línea de productos de tecnología:el usuario deberia poder ver la orden de pago
16:54:47.116 [pool-1-thread-4] DEBUG net.thucydides.core.reports.ReportService - net.thucydides.core.reports.json.JSONTestOutcomeReporter@52552f13: Generating report for test outcome: Realizar la compra en línea de productos de tecnología:el usuario deberia poder visulizar dos opciones de pago
16:54:47.116 [pool-1-thread-5] DEBUG net.thucydides.core.reports.ReportService - net.thucydides.core.reports.json.JSONTestOutcomeReporter@52552f13: Generating report for test outcome: Realizar la compra en línea de productos de tecnología:el usuari deberia poder ver la opcion de editar tarjeta
16:54:47.117 [pool-1-thread-8] DEBUG net.thucydides.core.reports.ReportService - net.thucydides.core.reports.json.JSONTestOutcomeReporter@52552f13: Generating report for test outcome: Realizar la compra en línea de productos de tecnología:el usuario deberia poder ver la orden de pago
16:54:47.124 [pool-1-thread-6] DEBUG net.thucydides.core.reports.json.JSONTestOutcomeReporter - Generating JSON report for el usuario deberia poder ver los datos de la tarjeta anterior to file C:\Repo\Reto_Final_AdvantageOnlineShopping_Automatizacion\target\site\serenity\28a46825d1c94460433e775410f7469cf3ba99348b15317778c8b97fdf5f5c06.json (using temp file C:\Repo\Reto_Final_AdvantageOnlineShopping_Automatizacion\target\site\serenity\28a46825d1c94460433e775410f7469cf3ba99348b15317778c8b97fdf5f5c06.json7b77378f-2bc3-4313-ae78-40b1f35cd145)
16:54:47.124 [pool-1-thread-5] DEBUG net.thucydides.core.reports.json.JSONTestOutcomeReporter - Generating JSON report for el usuari deberia poder ver la opcion de editar tarjeta to file C:\Repo\Reto_Final_AdvantageOnlineShopping_Automatizacion\target\site\serenity\886afb35187a492ca82cb8c503daba38e7bf626ea2b7ac2631f325babd53456d.json (using temp file C:\Repo\Reto_Final_AdvantageOnlineShopping_Automatizacion\target\site\serenity\886afb35187a492ca82cb8c503daba38e7bf626ea2b7ac2631f325babd53456d.json5668dce5-415d-4cf4-ba2d-12168d49f500)
16:54:47.125 [pool-1-thread-7] DEBUG net.thucydides.core.reports.json.JSONTestOutcomeReporter - Generating JSON report for el usuario deberia poder ver la opcion Pay Now to file C:\Repo\Reto_Final_AdvantageOnlineShopping_Automatizacion\target\site\serenity\645dcef3294da3458fa5e90fc0d58ae26ab69f37f9961c0567d64113fd5bbf47.json (using temp file C:\Repo\Reto_Final_AdvantageOnlineShopping_Automatizacion\target\site\serenity\645dcef3294da3458fa5e90fc0d58ae26ab69f37f9961c0567d64113fd5bbf47.json8ac34698-317a-4b7c-8633-b769be29c7eb)
16:54:47.124 [pool-1-thread-1] DEBUG net.thucydides.core.reports.json.JSONTestOutcomeReporter - Generating JSON report for La canasta de compras deberia mostrar los detalles del producto a comprar to file C:\Repo\Reto_Final_AdvantageOnlineShopping_Automatizacion\target\site\serenity\42a9f347b19c0a905467867ab755bfc53aa0bf3afff43cd5f6d2a63c18e45020.json (using temp file C:\Repo\Reto_Final_AdvantageOnlineShopping_Automatizacion\target\site\serenity\42a9f347b19c0a905467867ab755bfc53aa0bf3afff43cd5f6d2a63c18e45020.json68efbb43-2427-4823-b942-f4202b3170b9)
16:54:47.124 [pool-1-thread-2] DEBUG net.thucydides.core.reports.json.JSONTestOutcomeReporter - Generating JSON report for La canasta de compras deberia mostrar la opcion Shipping Details to file C:\Repo\Reto_Final_AdvantageOnlineShopping_Automatizacion\target\site\serenity\d6241fb4ee6cd1b8d0cdbc90a9db00fe50eaa74a77a17adb1457c2b22323ee47.json (using temp file C:\Repo\Reto_Final_AdvantageOnlineShopping_Automatizacion\target\site\serenity\d6241fb4ee6cd1b8d0cdbc90a9db00fe50eaa74a77a17adb1457c2b22323ee47.json18426886-5223-4279-9bad-b3c199c8a7e4)
16:54:47.127 [pool-1-thread-3] DEBUG net.thucydides.core.reports.json.JSONTestOutcomeReporter - Generating JSON report for El usario deberia poder editar la Informacion de Shopping Details to file C:\Repo\Reto_Final_AdvantageOnlineShopping_Automatizacion\target\site\serenity\a951ca69bb1d5f74a7a52ef8be8db3b3581e4f537ed15aa8983d89bba571b576.json (using temp file C:\Repo\Reto_Final_AdvantageOnlineShopping_Automatizacion\target\site\serenity\a951ca69bb1d5f74a7a52ef8be8db3b3581e4f537ed15aa8983d89bba571b576.jsonf68720f8-16b7-478c-b47d-366c97269e84)
16:54:47.127 [pool-1-thread-4] DEBUG net.thucydides.core.reports.json.JSONTestOutcomeReporter - Generating JSON report for el usuario deberia poder visulizar dos opciones de pago to file C:\Repo\Reto_Final_AdvantageOnlineShopping_Automatizacion\target\site\serenity\233a144620a836af4977c98a6ba18bacc4248532ff09baba6c881b1cd01ce084.json (using temp file C:\Repo\Reto_Final_AdvantageOnlineShopping_Automatizacion\target\site\serenity\233a144620a836af4977c98a6ba18bacc4248532ff09baba6c881b1cd01ce084.json042299a6-8d55-4298-afe8-e80b6536c589)
16:54:47.127 [pool-1-thread-8] DEBUG net.thucydides.core.reports.json.JSONTestOutcomeReporter - Generating JSON report for el usuario deberia poder ver la orden de pago to file C:\Repo\Reto_Final_AdvantageOnlineShopping_Automatizacion\target\site\serenity\5bc610ab68a0949a700e7c251922dc80a4410ab9fc3d5764fefe6a111134f834.json (using temp file C:\Repo\Reto_Final_AdvantageOnlineShopping_Automatizacion\target\site\serenity\5bc610ab68a0949a700e7c251922dc80a4410ab9fc3d5764fefe6a111134f834.jsonf7f1eb3d-4165-46a4-afba-69db3b15de42)
16:54:47.184 [pool-1-thread-1] DEBUG net.thucydides.core.reports.ReportService - Processing test outcome Realizar la compra en línea de productos de tecnología:La canasta de compras deberia mostrar los detalles del producto a comprar done
16:54:47.185 [pool-1-thread-8] DEBUG net.thucydides.core.reports.ReportService - Processing test outcome Realizar la compra en línea de productos de tecnología:el usuario deberia poder ver la orden de pago done
16:54:47.186 [pool-1-thread-5] DEBUG net.thucydides.core.reports.ReportService - Processing test outcome Realizar la compra en línea de productos de tecnología:el usuari deberia poder ver la opcion de editar tarjeta done
16:54:47.186 [pool-1-thread-6] DEBUG net.thucydides.core.reports.ReportService - Processing test outcome Realizar la compra en línea de productos de tecnología:el usuario deberia poder ver los datos de la tarjeta anterior done
16:54:47.187 [pool-1-thread-3] DEBUG net.thucydides.core.reports.ReportService - Processing test outcome Realizar la compra en línea de productos de tecnología:El usario deberia poder editar la Informacion de Shopping Details done
16:54:47.187 [pool-1-thread-2] DEBUG net.thucydides.core.reports.ReportService - Processing test outcome Realizar la compra en línea de productos de tecnología:La canasta de compras deberia mostrar la opcion Shipping Details done
16:54:47.187 [pool-1-thread-4] DEBUG net.thucydides.core.reports.ReportService - Processing test outcome Realizar la compra en línea de productos de tecnología:el usuario deberia poder visulizar dos opciones de pago done
16:54:47.187 [pool-1-thread-7] DEBUG net.thucydides.core.reports.ReportService - Processing test outcome Realizar la compra en línea de productos de tecnología:el usuario deberia poder ver la opcion Pay Now done
16:54:47.187 [Test worker] DEBUG net.thucydides.core.reports.ReportService - Shutting down executor service
16:54:47.188 [Test worker] DEBUG net.thucydides.core.reports.ReportService - Reports generated in: 74 ms
16:54:47.188 [Test worker] DEBUG net.thucydides.core.reports.ReportService - Generating reports for 8 test outcomes using: net.thucydides.core.reports.html.HtmlAcceptanceTestReporter@5d6dc92c
16:54:47.189 [pool-2-thread-1] DEBUG net.thucydides.core.reports.ReportService - Processing test outcome Realizar la compra en línea de productos de tecnología:La canasta de compras deberia mostrar los detalles del producto a comprar
16:54:47.189 [pool-2-thread-1] DEBUG net.thucydides.core.reports.ReportService - net.thucydides.core.reports.html.HtmlAcceptanceTestReporter@5d6dc92c: Generating report for test outcome: Realizar la compra en línea de productos de tecnología:La canasta de compras deberia mostrar los detalles del producto a comprar
16:54:47.189 [pool-2-thread-2] DEBUG net.thucydides.core.reports.ReportService - Processing test outcome Realizar la compra en línea de productos de tecnología:La canasta de compras deberia mostrar la opcion Shipping Details
16:54:47.189 [pool-2-thread-2] DEBUG net.thucydides.core.reports.ReportService - net.thucydides.core.reports.html.HtmlAcceptanceTestReporter@5d6dc92c: Generating report for test outcome: Realizar la compra en línea de productos de tecnología:La canasta de compras deberia mostrar la opcion Shipping Details
16:54:47.189 [pool-2-thread-2] DEBUG net.thucydides.core.reports.html.HtmlAcceptanceTestReporter - GENERATE TEST OUTCOME REPORT FOR La canasta de compras deberia mostrar la opcion Shipping Details in d6241fb4ee6cd1b8d0cdbc90a9db00fe50eaa74a77a17adb1457c2b22323ee47
16:54:47.189 [pool-2-thread-1] DEBUG net.thucydides.core.reports.html.HtmlAcceptanceTestReporter - GENERATE TEST OUTCOME REPORT FOR La canasta de compras deberia mostrar los detalles del producto a comprar in 42a9f347b19c0a905467867ab755bfc53aa0bf3afff43cd5f6d2a63c18e45020
16:54:47.190 [pool-2-thread-4] DEBUG net.thucydides.core.reports.ReportService - Processing test outcome Realizar la compra en línea de productos de tecnología:el usuario deberia poder visulizar dos opciones de pago
16:54:47.190 [pool-2-thread-4] DEBUG net.thucydides.core.reports.ReportService - net.thucydides.core.reports.html.HtmlAcceptanceTestReporter@5d6dc92c: Generating report for test outcome: Realizar la compra en línea de productos de tecnología:el usuario deberia poder visulizar dos opciones de pago
16:54:47.190 [pool-2-thread-5] DEBUG net.thucydides.core.reports.ReportService - Processing test outcome Realizar la compra en línea de productos de tecnología:el usuari deberia poder ver la opcion de editar tarjeta
16:54:47.190 [pool-2-thread-5] DEBUG net.thucydides.core.reports.ReportService - net.thucydides.core.reports.html.HtmlAcceptanceTestReporter@5d6dc92c: Generating report for test outcome: Realizar la compra en línea de productos de tecnología:el usuari deberia poder ver la opcion de editar tarjeta
16:54:47.190 [pool-2-thread-3] DEBUG net.thucydides.core.reports.ReportService - Processing test outcome Realizar la compra en línea de productos de tecnología:El usario deberia poder editar la Informacion de Shopping Details
16:54:47.190 [pool-2-thread-3] DEBUG net.thucydides.core.reports.ReportService - net.thucydides.core.reports.html.HtmlAcceptanceTestReporter@5d6dc92c: Generating report for test outcome: Realizar la compra en línea de productos de tecnología:El usario deberia poder editar la Informacion de Shopping Details
16:54:47.190 [pool-2-thread-5] DEBUG net.thucydides.core.reports.html.HtmlAcceptanceTestReporter - GENERATE TEST OUTCOME REPORT FOR el usuari deberia poder ver la opcion de editar tarjeta in 886afb35187a492ca82cb8c503daba38e7bf626ea2b7ac2631f325babd53456d
16:54:47.190 [pool-2-thread-6] DEBUG net.thucydides.core.reports.ReportService - Processing test outcome Realizar la compra en línea de productos de tecnología:el usuario deberia poder ver los datos de la tarjeta anterior
16:54:47.190 [pool-2-thread-6] DEBUG net.thucydides.core.reports.ReportService - net.thucydides.core.reports.html.HtmlAcceptanceTestReporter@5d6dc92c: Generating report for test outcome: Realizar la compra en línea de productos de tecnología:el usuario deberia poder ver los datos de la tarjeta anterior
16:54:47.191 [pool-2-thread-6] DEBUG net.thucydides.core.reports.html.HtmlAcceptanceTestReporter - GENERATE TEST OUTCOME REPORT FOR el usuario deberia poder ver los datos de la tarjeta anterior in 28a46825d1c94460433e775410f7469cf3ba99348b15317778c8b97fdf5f5c06
16:54:47.190 [pool-2-thread-3] DEBUG net.thucydides.core.reports.html.HtmlAcceptanceTestReporter - GENERATE TEST OUTCOME REPORT FOR El usario deberia poder editar la Informacion de Shopping Details in a951ca69bb1d5f74a7a52ef8be8db3b3581e4f537ed15aa8983d89bba571b576
16:54:47.190 [pool-2-thread-4] DEBUG net.thucydides.core.reports.html.HtmlAcceptanceTestReporter - GENERATE TEST OUTCOME REPORT FOR el usuario deberia poder visulizar dos opciones de pago in 233a144620a836af4977c98a6ba18bacc4248532ff09baba6c881b1cd01ce084
16:54:47.191 [pool-2-thread-7] DEBUG net.thucydides.core.reports.ReportService - Processing test outcome Realizar la compra en línea de productos de tecnología:el usuario deberia poder ver la opcion Pay Now
16:54:47.191 [pool-2-thread-7] DEBUG net.thucydides.core.reports.ReportService - net.thucydides.core.reports.html.HtmlAcceptanceTestReporter@5d6dc92c: Generating report for test outcome: Realizar la compra en línea de productos de tecnología:el usuario deberia poder ver la opcion Pay Now
16:54:47.191 [pool-2-thread-7] DEBUG net.thucydides.core.reports.html.HtmlAcceptanceTestReporter - GENERATE TEST OUTCOME REPORT FOR el usuario deberia poder ver la opcion Pay Now in 645dcef3294da3458fa5e90fc0d58ae26ab69f37f9961c0567d64113fd5bbf47
16:54:47.192 [pool-2-thread-8] DEBUG net.thucydides.core.reports.ReportService - Processing test outcome Realizar la compra en línea de productos de tecnología:el usuario deberia poder ver la orden de pago
16:54:47.192 [pool-2-thread-8] DEBUG net.thucydides.core.reports.ReportService - net.thucydides.core.reports.html.HtmlAcceptanceTestReporter@5d6dc92c: Generating report for test outcome: Realizar la compra en línea de productos de tecnología:el usuario deberia poder ver la orden de pago
16:54:47.193 [pool-2-thread-8] DEBUG net.thucydides.core.reports.html.HtmlAcceptanceTestReporter - GENERATE TEST OUTCOME REPORT FOR el usuario deberia poder ver la orden de pago in 5bc610ab68a0949a700e7c251922dc80a4410ab9fc3d5764fefe6a111134f834
16:54:47.204 [pool-2-thread-7] DEBUG net.thucydides.core.requirements.RequirementsTagProvider -  found:[]
16:54:47.204 [pool-2-thread-1] DEBUG net.thucydides.core.requirements.RequirementsTagProvider -  found:[]
16:54:47.205 [pool-2-thread-6] DEBUG net.thucydides.core.requirements.RequirementsTagProvider -  found:[]
16:54:47.205 [pool-2-thread-4] DEBUG net.thucydides.core.requirements.RequirementsTagProvider -  found:[]
16:54:47.205 [pool-2-thread-3] DEBUG net.thucydides.core.requirements.RequirementsTagProvider -  found:[]
16:54:47.205 [pool-2-thread-5] DEBUG net.thucydides.core.requirements.RequirementsTagProvider -  found:[]
16:54:47.205 [pool-2-thread-2] DEBUG net.thucydides.core.requirements.RequirementsTagProvider -  found:[]
16:54:47.206 [pool-2-thread-8] DEBUG net.thucydides.core.requirements.RequirementsTagProvider -  found:[]
16:54:47.210 [pool-2-thread-3] DEBUG net.thucydides.core.requirements.RequirementsTagProvider -  found:[]
16:54:47.210 [pool-2-thread-1] DEBUG net.thucydides.core.requirements.RequirementsTagProvider -  found:[]
16:54:47.210 [pool-2-thread-2] DEBUG net.thucydides.core.requirements.RequirementsTagProvider -  found:[]
16:54:47.210 [pool-2-thread-6] DEBUG net.thucydides.core.requirements.RequirementsTagProvider -  found:[]
16:54:47.210 [pool-2-thread-7] DEBUG net.thucydides.core.requirements.RequirementsTagProvider -  found:[]
16:54:47.210 [pool-2-thread-8] DEBUG net.thucydides.core.requirements.RequirementsTagProvider -  found:[]
16:54:47.210 [pool-2-thread-4] DEBUG net.thucydides.core.requirements.RequirementsTagProvider -  found:[]
16:54:47.210 [pool-2-thread-5] DEBUG net.thucydides.core.requirements.RequirementsTagProvider -  found:[]
16:54:47.273 [pool-2-thread-5] DEBUG net.thucydides.core.requirements.RequirementsTagProvider -  found:[]
16:54:47.273 [pool-2-thread-7] DEBUG net.thucydides.core.requirements.RequirementsTagProvider -  found:[]
16:54:47.274 [pool-2-thread-6] DEBUG net.thucydides.core.requirements.RequirementsTagProvider -  found:[]
16:54:47.274 [pool-2-thread-5] DEBUG net.thucydides.core.requirements.RequirementsTagProvider -  found:[]
16:54:47.274 [pool-2-thread-7] DEBUG net.thucydides.core.requirements.RequirementsTagProvider -  found:[]
16:54:47.274 [pool-2-thread-6] DEBUG net.thucydides.core.requirements.RequirementsTagProvider -  found:[]
16:54:47.275 [pool-2-thread-8] DEBUG net.thucydides.core.requirements.RequirementsTagProvider -  found:[]
16:54:47.275 [pool-2-thread-4] DEBUG net.thucydides.core.requirements.RequirementsTagProvider -  found:[]
16:54:47.276 [pool-2-thread-4] DEBUG net.thucydides.core.requirements.RequirementsTagProvider -  found:[]
16:54:47.277 [pool-2-thread-8] DEBUG net.thucydides.core.requirements.RequirementsTagProvider -  found:[]
16:54:47.278 [pool-2-thread-1] DEBUG net.thucydides.core.requirements.RequirementsTagProvider -  found:[]
16:54:47.278 [pool-2-thread-1] DEBUG net.thucydides.core.requirements.RequirementsTagProvider -  found:[]
16:54:47.278 [pool-2-thread-2] DEBUG net.thucydides.core.requirements.RequirementsTagProvider -  found:[]
16:54:47.279 [pool-2-thread-2] DEBUG net.thucydides.core.requirements.RequirementsTagProvider -  found:[]
16:54:47.280 [pool-2-thread-3] DEBUG net.thucydides.core.requirements.RequirementsTagProvider -  found:[]
16:54:47.280 [pool-2-thread-3] DEBUG net.thucydides.core.requirements.RequirementsTagProvider -  found:[]
16:54:47.362 [pool-2-thread-6] DEBUG net.thucydides.core.reports.html.HtmlAcceptanceTestReporter - Generating report in 28a46825d1c94460433e775410f7469cf3ba99348b15317778c8b97fdf5f5c06_screenshots.html
16:54:47.362 [pool-2-thread-3] DEBUG net.thucydides.core.reports.html.HtmlAcceptanceTestReporter - Generating report in a951ca69bb1d5f74a7a52ef8be8db3b3581e4f537ed15aa8983d89bba571b576_screenshots.html
16:54:47.362 [pool-2-thread-7] DEBUG net.thucydides.core.reports.html.HtmlAcceptanceTestReporter - Generating report in 645dcef3294da3458fa5e90fc0d58ae26ab69f37f9961c0567d64113fd5bbf47_screenshots.html
16:54:47.362 [pool-2-thread-5] DEBUG net.thucydides.core.reports.html.HtmlAcceptanceTestReporter - Generating report in 886afb35187a492ca82cb8c503daba38e7bf626ea2b7ac2631f325babd53456d_screenshots.html
16:54:47.362 [pool-2-thread-1] DEBUG net.thucydides.core.reports.html.HtmlAcceptanceTestReporter - Generating report in 42a9f347b19c0a905467867ab755bfc53aa0bf3afff43cd5f6d2a63c18e45020_screenshots.html
16:54:47.362 [pool-2-thread-2] DEBUG net.thucydides.core.reports.html.HtmlAcceptanceTestReporter - Generating report in d6241fb4ee6cd1b8d0cdbc90a9db00fe50eaa74a77a17adb1457c2b22323ee47_screenshots.html
16:54:47.362 [pool-2-thread-4] DEBUG net.thucydides.core.reports.html.HtmlAcceptanceTestReporter - Generating report in 233a144620a836af4977c98a6ba18bacc4248532ff09baba6c881b1cd01ce084_screenshots.html
16:54:47.362 [pool-2-thread-8] DEBUG net.thucydides.core.reports.html.HtmlAcceptanceTestReporter - Generating report in 5bc610ab68a0949a700e7c251922dc80a4410ab9fc3d5764fefe6a111134f834_screenshots.html
16:54:47.790 [pool-2-thread-7] DEBUG net.thucydides.core.reports.html.HtmlAcceptanceTestReporter - Generated report 645dcef3294da3458fa5e90fc0d58ae26ab69f37f9961c0567d64113fd5bbf47_screenshots.html in 428 ms
16:54:47.792 [pool-2-thread-7] DEBUG net.thucydides.core.reports.html.HtmlAcceptanceTestReporter - GENERATING HTML REPORT FOR Realizar la compra en línea de productos de tecnología:el usuario deberia poder ver la opcion Pay Now in 645dcef3294da3458fa5e90fc0d58ae26ab69f37f9961c0567d64113fd5bbf47.html in directory C:\Repo\Reto_Final_AdvantageOnlineShopping_Automatizacion\target\site\serenity  
16:54:47.792 [pool-2-thread-1] DEBUG net.thucydides.core.reports.html.HtmlAcceptanceTestReporter - Generated report 42a9f347b19c0a905467867ab755bfc53aa0bf3afff43cd5f6d2a63c18e45020_screenshots.html in 430 ms
16:54:47.792 [pool-2-thread-1] DEBUG net.thucydides.core.reports.html.HtmlAcceptanceTestReporter - GENERATING HTML REPORT FOR Realizar la compra en línea de productos de tecnología:La canasta de compras deberia mostrar los detalles del producto a comprar in 42a9f347b19c0a905467867ab755bfc53aa0bf3afff43cd5f6d2a63c18e45020.html in directory C:\Repo\Reto_Final_AdvantageOnlineShopping_Automatizacion\target\site\serenity  
16:54:47.794 [pool-2-thread-2] DEBUG net.thucydides.core.reports.html.HtmlAcceptanceTestReporter - Generated report d6241fb4ee6cd1b8d0cdbc90a9db00fe50eaa74a77a17adb1457c2b22323ee47_screenshots.html in 432 ms
16:54:47.794 [pool-2-thread-8] DEBUG net.thucydides.core.reports.html.HtmlAcceptanceTestReporter - Generated report 5bc610ab68a0949a700e7c251922dc80a4410ab9fc3d5764fefe6a111134f834_screenshots.html in 432 ms
16:54:47.795 [pool-2-thread-2] DEBUG net.thucydides.core.reports.html.HtmlAcceptanceTestReporter - GENERATING HTML REPORT FOR Realizar la compra en línea de productos de tecnología:La canasta de compras deberia mostrar la opcion Shipping Details in d6241fb4ee6cd1b8d0cdbc90a9db00fe50eaa74a77a17adb1457c2b22323ee47.html in directory C:\Repo\Reto_Final_AdvantageOnlineShopping_Automatizacion\target\site\serenity  
16:54:47.795 [pool-2-thread-8] DEBUG net.thucydides.core.reports.html.HtmlAcceptanceTestReporter - GENERATING HTML REPORT FOR Realizar la compra en línea de productos de tecnología:el usuario deberia poder ver la orden de pago in 5bc610ab68a0949a700e7c251922dc80a4410ab9fc3d5764fefe6a111134f834.html in directory C:\Repo\Reto_Final_AdvantageOnlineShopping_Automatizacion\target\site\serenity  
16:54:47.796 [pool-2-thread-6] DEBUG net.thucydides.core.reports.html.HtmlAcceptanceTestReporter - Generated report 28a46825d1c94460433e775410f7469cf3ba99348b15317778c8b97fdf5f5c06_screenshots.html in 433 ms
16:54:47.796 [pool-2-thread-5] DEBUG net.thucydides.core.reports.html.HtmlAcceptanceTestReporter - Generated report 886afb35187a492ca82cb8c503daba38e7bf626ea2b7ac2631f325babd53456d_screenshots.html in 434 ms
16:54:47.796 [pool-2-thread-8] DEBUG net.thucydides.core.reports.html.HtmlAcceptanceTestReporter - Generating report in 5bc610ab68a0949a700e7c251922dc80a4410ab9fc3d5764fefe6a111134f834.html
16:54:47.796 [pool-2-thread-1] DEBUG net.thucydides.core.reports.html.HtmlAcceptanceTestReporter - Generating report in 42a9f347b19c0a905467867ab755bfc53aa0bf3afff43cd5f6d2a63c18e45020.html
16:54:47.796 [pool-2-thread-6] DEBUG net.thucydides.core.reports.html.HtmlAcceptanceTestReporter - GENERATING HTML REPORT FOR Realizar la compra en línea de productos de tecnología:el usuario deberia poder ver los datos de la tarjeta anterior in 28a46825d1c94460433e775410f7469cf3ba99348b15317778c8b97fdf5f5c06.html in directory C:\Repo\Reto_Final_AdvantageOnlineShopping_Automatizacion\target\site\serenity  
16:54:47.796 [pool-2-thread-2] DEBUG net.thucydides.core.reports.html.HtmlAcceptanceTestReporter - Generating report in d6241fb4ee6cd1b8d0cdbc90a9db00fe50eaa74a77a17adb1457c2b22323ee47.html
16:54:47.796 [pool-2-thread-7] DEBUG net.thucydides.core.reports.html.HtmlAcceptanceTestReporter - Generating report in 645dcef3294da3458fa5e90fc0d58ae26ab69f37f9961c0567d64113fd5bbf47.html
16:54:47.797 [pool-2-thread-5] DEBUG net.thucydides.core.reports.html.HtmlAcceptanceTestReporter - GENERATING HTML REPORT FOR Realizar la compra en línea de productos de tecnología:el usuari deberia poder ver la opcion de editar tarjeta in 886afb35187a492ca82cb8c503daba38e7bf626ea2b7ac2631f325babd53456d.html in directory C:\Repo\Reto_Final_AdvantageOnlineShopping_Automatizacion\target\site\serenity  
16:54:47.797 [pool-2-thread-6] DEBUG net.thucydides.core.reports.html.HtmlAcceptanceTestReporter - Generating report in 28a46825d1c94460433e775410f7469cf3ba99348b15317778c8b97fdf5f5c06.html
16:54:47.798 [pool-2-thread-5] DEBUG net.thucydides.core.reports.html.HtmlAcceptanceTestReporter - Generating report in 886afb35187a492ca82cb8c503daba38e7bf626ea2b7ac2631f325babd53456d.html
16:54:47.847 [pool-2-thread-2] DEBUG net.thucydides.core.requirements.RequirementsTagProvider -  found:[]
16:54:47.847 [pool-2-thread-7] DEBUG net.thucydides.core.requirements.RequirementsTagProvider -  found:[]
16:54:47.861 [pool-2-thread-5] DEBUG net.thucydides.core.requirements.RequirementsTagProvider -  found:[]
16:54:47.863 [pool-2-thread-6] DEBUG net.thucydides.core.requirements.RequirementsTagProvider -  found:[]
16:54:47.864 [pool-2-thread-8] DEBUG net.thucydides.core.requirements.RequirementsTagProvider -  found:[]
16:54:47.867 [pool-2-thread-4] DEBUG net.thucydides.core.reports.html.HtmlAcceptanceTestReporter - Generated report 233a144620a836af4977c98a6ba18bacc4248532ff09baba6c881b1cd01ce084_screenshots.html in 505 ms
16:54:47.868 [pool-2-thread-4] DEBUG net.thucydides.core.reports.html.HtmlAcceptanceTestReporter - GENERATING HTML REPORT FOR Realizar la compra en línea de productos de tecnología:el usuario deberia poder visulizar dos opciones de pago in 233a144620a836af4977c98a6ba18bacc4248532ff09baba6c881b1cd01ce084.html in directory C:\Repo\Reto_Final_AdvantageOnlineShopping_Automatizacion\target\site\serenity  
16:54:47.870 [pool-2-thread-4] DEBUG net.thucydides.core.reports.html.HtmlAcceptanceTestReporter - Generating report in 233a144620a836af4977c98a6ba18bacc4248532ff09baba6c881b1cd01ce084.html
16:54:47.872 [pool-2-thread-1] DEBUG net.thucydides.core.requirements.RequirementsTagProvider -  found:[]
16:54:47.873 [pool-2-thread-4] DEBUG net.thucydides.core.requirements.RequirementsTagProvider -  found:[]
16:54:47.876 [pool-2-thread-3] DEBUG net.thucydides.core.reports.html.HtmlAcceptanceTestReporter - Generated report a951ca69bb1d5f74a7a52ef8be8db3b3581e4f537ed15aa8983d89bba571b576_screenshots.html in 514 ms
16:54:47.881 [pool-2-thread-3] DEBUG net.thucydides.core.reports.html.HtmlAcceptanceTestReporter - GENERATING HTML REPORT FOR Realizar la compra en línea de productos de tecnología:El usario deberia poder editar la Informacion de Shopping Details in a951ca69bb1d5f74a7a52ef8be8db3b3581e4f537ed15aa8983d89bba571b576.html in directory C:\Repo\Reto_Final_AdvantageOnlineShopping_Automatizacion\target\site\serenity  
16:54:47.882 [pool-2-thread-3] DEBUG net.thucydides.core.reports.html.HtmlAcceptanceTestReporter - Generating report in a951ca69bb1d5f74a7a52ef8be8db3b3581e4f537ed15aa8983d89bba571b576.html
16:54:47.886 [pool-2-thread-3] DEBUG net.thucydides.core.requirements.RequirementsTagProvider -  found:[]
16:54:47.942 [pool-2-thread-1] DEBUG net.thucydides.core.reports.html.HtmlAcceptanceTestReporter - Generated report 42a9f347b19c0a905467867ab755bfc53aa0bf3afff43cd5f6d2a63c18e45020.html in 146 ms
16:54:47.942 [pool-2-thread-6] DEBUG net.thucydides.core.reports.html.HtmlAcceptanceTestReporter - Generated report 28a46825d1c94460433e775410f7469cf3ba99348b15317778c8b97fdf5f5c06.html in 145 ms
16:54:47.942 [pool-2-thread-1] DEBUG net.thucydides.core.reports.ReportService - Processing test outcome Realizar la compra en línea de productos de tecnología:La canasta de compras deberia mostrar los detalles del producto a comprar done
16:54:47.942 [pool-2-thread-6] DEBUG net.thucydides.core.reports.ReportService - Processing test outcome Realizar la compra en línea de productos de tecnología:el usuario deberia poder ver los datos de la tarjeta anterior done
16:54:47.944 [pool-2-thread-5] DEBUG net.thucydides.core.reports.html.HtmlAcceptanceTestReporter - Generated report 886afb35187a492ca82cb8c503daba38e7bf626ea2b7ac2631f325babd53456d.html in 146 ms
16:54:47.944 [pool-2-thread-5] DEBUG net.thucydides.core.reports.ReportService - Processing test outcome Realizar la compra en línea de productos de tecnología:el usuari deberia poder ver la opcion de editar tarjeta done
16:54:47.951 [pool-2-thread-4] DEBUG net.thucydides.core.reports.html.HtmlAcceptanceTestReporter - Generated report 233a144620a836af4977c98a6ba18bacc4248532ff09baba6c881b1cd01ce084.html in 81 ms
16:54:47.951 [pool-2-thread-4] DEBUG net.thucydides.core.reports.ReportService - Processing test outcome Realizar la compra en línea de productos de tecnología:el usuario deberia poder visulizar dos opciones de pago done
16:54:47.952 [pool-2-thread-2] DEBUG net.thucydides.core.reports.html.HtmlAcceptanceTestReporter - Generated report d6241fb4ee6cd1b8d0cdbc90a9db00fe50eaa74a77a17adb1457c2b22323ee47.html in 156 ms
16:54:47.953 [pool-2-thread-2] DEBUG net.thucydides.core.reports.ReportService - Processing test outcome Realizar la compra en línea de productos de tecnología:La canasta de compras deberia mostrar la opcion Shipping Details done
16:54:47.954 [pool-2-thread-7] DEBUG net.thucydides.core.reports.html.HtmlAcceptanceTestReporter - Generated report 645dcef3294da3458fa5e90fc0d58ae26ab69f37f9961c0567d64113fd5bbf47.html in 158 ms
16:54:47.954 [pool-2-thread-7] DEBUG net.thucydides.core.reports.ReportService - Processing test outcome Realizar la compra en línea de productos de tecnología:el usuario deberia poder ver la opcion Pay Now done
16:54:47.957 [pool-2-thread-8] DEBUG net.thucydides.core.reports.html.HtmlAcceptanceTestReporter - Generated report 5bc610ab68a0949a700e7c251922dc80a4410ab9fc3d5764fefe6a111134f834.html in 161 ms
16:54:47.957 [pool-2-thread-8] DEBUG net.thucydides.core.reports.ReportService - Processing test outcome Realizar la compra en línea de productos de tecnología:el usuario deberia poder ver la orden de pago done
16:54:47.964 [pool-2-thread-3] DEBUG net.thucydides.core.reports.html.HtmlAcceptanceTestReporter - Generated report a951ca69bb1d5f74a7a52ef8be8db3b3581e4f537ed15aa8983d89bba571b576.html in 82 ms
16:54:47.964 [pool-2-thread-3] DEBUG net.thucydides.core.reports.ReportService - Processing test outcome Realizar la compra en línea de productos de tecnología:El usario deberia poder editar la Informacion de Shopping Details done
16:54:47.964 [Test worker] DEBUG net.thucydides.core.reports.ReportService - Shutting down executor service
16:54:47.964 [Test worker] DEBUG net.thucydides.core.reports.ReportService - Reports generated in: 776 ms
16:54:48.105 [Test worker] DEBUG net.serenitybdd.core.photography.Darkroom - Closing darkroom
16:54:48.105 [Darkroom Processing Line] DEBUG net.serenitybdd.core.photography.DarkroomProcessingLine - Darkroom processing line shutting down

8 Scenarios (?[32m8 passed?[0m)
34 Steps (?[32m34 passed?[0m)
1m49,942s

]]></system-out>
  <system-err><![CDATA[]]></system-err>
</testsuite>
